Using pre-set license
Built from '2020.3/staging' branch; Version is '2020.3.6f1 (338bb68529b2) revision 3378102'; Using compiler version '192528614'; Build Type 'Release'
OS: 'Windows 10 Education; OS build 19044.1586; Version 2009; 64bit' Language: 'en' Physical Memory: 15308 MB
BatchMode: 1, IsHumanControllingUs: 0, StartBugReporterOnCrash: 0, Is64bit: 1, IsPro: 0

 COMMAND LINE ARGUMENTS:
E:\Programs\UnityEditors\2020.3.6f1\Editor\Unity.exe
-adb2
-batchMode
-noUpm
-name
AssetImportWorker1
-projectPath
E:/School/GAMNET 2.0/Module3
-logFile
Logs/AssetImportWorker1.log
-srvPort
53078
Successfully changed project path to: E:/School/GAMNET 2.0/Module3
E:/School/GAMNET 2.0/Module3
Using Asset Import Pipeline V2.
Refreshing native plugins compatible for Editor in 40.70 ms, found 0 plugins.
Preloading 0 native plugins for Editor in 0.00 ms.
Initialize engine version: 2020.3.6f1 (338bb68529b2)
[Subsystems] Discovering subsystems at path E:/Programs/UnityEditors/2020.3.6f1/Editor/Data/Resources/UnitySubsystems
[Subsystems] Discovering subsystems at path E:/School/GAMNET 2.0/Module3/Assets
GfxDevice: creating device client; threaded=0
Direct3D:
    Version:  Direct3D 11.0 [level 11.1]
    Renderer: Radeon RX 580 Series (ID=0x67df)
    Vendor:   
    VRAM:     8171 MB
    Driver:   27.20.1034.6
Initialize mono
Mono path[0] = 'E:/Programs/UnityEditors/2020.3.6f1/Editor/Data/Managed'
Mono path[1] = 'E:/Programs/UnityEditors/2020.3.6f1/Editor/Data/MonoBleedingEdge/lib/mono/unityjit'
Mono config path = 'E:/Programs/UnityEditors/2020.3.6f1/Editor/Data/MonoBleedingEdge/etc'
Using monoOptions --debugger-agent=transport=dt_socket,embedding=1,server=y,suspend=n,address=127.0.0.1:56512
Begin MonoManager ReloadAssembly
Registering precompiled unity dll's ...
Register platform support module: E:/Programs/UnityEditors/2020.3.6f1/Editor/Data/PlaybackEngines/WebGLSupport/UnityEditor.WebGL.Extensions.dll
Register platform support module: E:/Programs/UnityEditors/2020.3.6f1/Editor/Data/PlaybackEngines/WindowsStandaloneSupport/UnityEditor.WindowsStandalone.Extensions.dll
Registered in 0.001966 seconds.
Native extension for WindowsStandalone target not found
Native extension for WebGL target not found
Refreshing native plugins compatible for Editor in 36.12 ms, found 0 plugins.
Preloading 0 native plugins for Editor in 0.00 ms.
Mono: successfully reloaded assembly
- Completed reload, in 18.111 seconds
Platform modules already initialized, skipping
Registering precompiled user dll's ...
Registered in 0.002234 seconds.
Begin MonoManager ReloadAssembly
Native extension for WindowsStandalone target not found
Native extension for WebGL target not found
Refreshing native plugins compatible for Editor in 0.44 ms, found 0 plugins.
Preloading 0 native plugins for Editor in 0.00 ms.
Mono: successfully reloaded assembly
- Completed reload, in  1.186 seconds
Platform modules already initialized, skipping
========================================================================
Worker process is ready to serve import requests
Launched and connected shader compiler UnityShaderCompiler.exe after 0.37 seconds
Refreshing native plugins compatible for Editor in 0.37 ms, found 0 plugins.
Preloading 0 native plugins for Editor in 0.00 ms.
Unloading 1348 Unused Serialized files (Serialized files now loaded: 0)
System memory in use before: 75.6 MB.
System memory in use after: 75.7 MB.

Unloading 16 unused Assets to reduce memory usage. Loaded Objects now: 1799.
Total: 2.455000 ms (FindLiveObjects: 0.232400 ms CreateObjectMapping: 0.072300 ms MarkObjects: 2.047900 ms  DeleteObjects: 0.101000 ms)

========================================================================
Received Prepare
Refreshing native plugins compatible for Editor in 2.52 ms, found 0 plugins.
Preloading 0 native plugins for Editor in 0.00 ms.
Unloading 8 Unused Serialized files (Serialized files now loaded: 0)
System memory in use before: 48.8 MB.
System memory in use after: 48.8 MB.

Unloading 8 unused Assets to reduce memory usage. Loaded Objects now: 1799.
Total: 3.567400 ms (FindLiveObjects: 0.256000 ms CreateObjectMapping: 0.084200 ms MarkObjects: 3.140400 ms  DeleteObjects: 0.084400 ms)

========================================================================
Received Import Request.
  path: Assets/Resources/BlackMuscle.prefab
  artifactKey: Guid(3a6f9baa0d9d1384aa1144f945100bf3) Importer(815301076,1909f56bfc062723c751e8b465ee728b)
Start importing Assets/Resources/BlackMuscle.prefab using Guid(3a6f9baa0d9d1384aa1144f945100bf3) Importer(815301076,1909f56bfc062723c751e8b465ee728b)  -> (artifact id: 'f2f1c6cffe9c9eed32084bb29f2cc7db') in 0.237407 seconds
  Import took 0.241539 seconds .

========================================================================
Received Import Request.
  Time since last request: 0.000316 seconds.
  path: Assets/Resources/GTR.prefab
  artifactKey: Guid(803db4f07388eb94a9400681ccc55598) Importer(815301076,1909f56bfc062723c751e8b465ee728b)
Start importing Assets/Resources/GTR.prefab using Guid(803db4f07388eb94a9400681ccc55598) Importer(815301076,1909f56bfc062723c751e8b465ee728b)  -> (artifact id: '1f4919114c42928c5a1a326e1d4fbdfd') in 0.027365 seconds
  Import took 0.034082 seconds .

========================================================================
Received Import Request.
  Time since last request: 0.001028 seconds.
  path: Assets/Resources/WhiteSports.prefab
  artifactKey: Guid(826049614546b3d4c82d8e09f3540f9e) Importer(815301076,1909f56bfc062723c751e8b465ee728b)
Start importing Assets/Resources/WhiteSports.prefab using Guid(826049614546b3d4c82d8e09f3540f9e) Importer(815301076,1909f56bfc062723c751e8b465ee728b)  -> (artifact id: '0aaa8de253125714d3b83d3e9261ae47') in 0.019275 seconds
  Import took 0.023430 seconds .

========================================================================
Received Import Request.
  Time since last request: 0.203582 seconds.
  path: Assets/Resources/BlackMuscle.prefab
  artifactKey: Guid(3a6f9baa0d9d1384aa1144f945100bf3) Importer(815301076,1909f56bfc062723c751e8b465ee728b)
Start importing Assets/Resources/BlackMuscle.prefab using Guid(3a6f9baa0d9d1384aa1144f945100bf3) Importer(815301076,1909f56bfc062723c751e8b465ee728b)  -> (artifact id: 'f2f1c6cffe9c9eed32084bb29f2cc7db') in 0.020653 seconds
  Import took 0.026904 seconds .

========================================================================
Received Prepare
Refreshing native plugins compatible for Editor in 1.95 ms, found 0 plugins.
Preloading 0 native plugins for Editor in 0.00 ms.
Unloading 8 Unused Serialized files (Serialized files now loaded: 0)
System memory in use before: 52.2 MB.
System memory in use after: 52.3 MB.

Unloading 8 unused Assets to reduce memory usage. Loaded Objects now: 1806.
Total: 2.329000 ms (FindLiveObjects: 0.182600 ms CreateObjectMapping: 0.035400 ms MarkObjects: 2.055900 ms  DeleteObjects: 0.053800 ms)

========================================================================
Received Prepare
Registering precompiled user dll's ...
Registered in 0.002280 seconds.
Begin MonoManager ReloadAssembly
Native extension for WindowsStandalone target not found
Native extension for WebGL target not found
Refreshing native plugins compatible for Editor in 0.38 ms, found 0 plugins.
Preloading 0 native plugins for Editor in 0.00 ms.
Mono: successfully reloaded assembly
- Completed reload, in  1.526 seconds
Platform modules already initialized, skipping
Refreshing native plugins compatible for Editor in 0.50 ms, found 0 plugins.
Preloading 0 native plugins for Editor in 0.00 ms.
Unloading 1341 Unused Serialized files (Serialized files now loaded: 0)
System memory in use before: 78.5 MB.
System memory in use after: 78.6 MB.

Unloading 10 unused Assets to reduce memory usage. Loaded Objects now: 1810.
Total: 2.784700 ms (FindLiveObjects: 0.254200 ms CreateObjectMapping: 0.060500 ms MarkObjects: 2.315000 ms  DeleteObjects: 0.153200 ms)

========================================================================
Received Prepare
Registering precompiled user dll's ...
Registered in 0.002029 seconds.
Begin MonoManager ReloadAssembly
Native extension for WindowsStandalone target not found
Native extension for WebGL target not found
Refreshing native plugins compatible for Editor in 0.32 ms, found 0 plugins.
Preloading 0 native plugins for Editor in 0.00 ms.
Mono: successfully reloaded assembly
- Completed reload, in  1.217 seconds
Platform modules already initialized, skipping
Refreshing native plugins compatible for Editor in 0.34 ms, found 0 plugins.
Preloading 0 native plugins for Editor in 0.00 ms.
Unloading 1341 Unused Serialized files (Serialized files now loaded: 0)
System memory in use before: 78.5 MB.
System memory in use after: 78.6 MB.

Unloading 10 unused Assets to reduce memory usage. Loaded Objects now: 1814.
Total: 2.301400 ms (FindLiveObjects: 0.186700 ms CreateObjectMapping: 0.038700 ms MarkObjects: 2.007300 ms  DeleteObjects: 0.067200 ms)

========================================================================
Received Prepare
Registering precompiled user dll's ...
Registered in 0.002484 seconds.
Begin MonoManager ReloadAssembly
Native extension for WindowsStandalone target not found
Native extension for WebGL target not found
Refreshing native plugins compatible for Editor in 0.28 ms, found 0 plugins.
Preloading 0 native plugins for Editor in 0.00 ms.
Mono: successfully reloaded assembly
- Completed reload, in  1.024 seconds
Platform modules already initialized, skipping
Refreshing native plugins compatible for Editor in 0.38 ms, found 0 plugins.
Preloading 0 native plugins for Editor in 0.00 ms.
Unloading 1341 Unused Serialized files (Serialized files now loaded: 0)
System memory in use before: 78.5 MB.
System memory in use after: 78.6 MB.

Unloading 10 unused Assets to reduce memory usage. Loaded Objects now: 1818.
Total: 2.293600 ms (FindLiveObjects: 0.233400 ms CreateObjectMapping: 0.050500 ms MarkObjects: 1.941000 ms  DeleteObjects: 0.066900 ms)

========================================================================
Received Prepare
Refreshing native plugins compatible for Editor in 1.52 ms, found 0 plugins.
Preloading 0 native plugins for Editor in 0.00 ms.
Unloading 8 Unused Serialized files (Serialized files now loaded: 0)
System memory in use before: 52.1 MB.
System memory in use after: 52.2 MB.

Unloading 8 unused Assets to reduce memory usage. Loaded Objects now: 1818.
Total: 2.267400 ms (FindLiveObjects: 0.187300 ms CreateObjectMapping: 0.047200 ms MarkObjects: 1.974500 ms  DeleteObjects: 0.056800 ms)

========================================================================
Received Prepare
Registering precompiled user dll's ...
Registered in 0.003385 seconds.
Begin MonoManager ReloadAssembly
Native extension for WindowsStandalone target not found
Native extension for WebGL target not found
Refreshing native plugins compatible for Editor in 0.47 ms, found 0 plugins.
Preloading 0 native plugins for Editor in 0.00 ms.
Mono: successfully reloaded assembly
- Completed reload, in  1.461 seconds
Platform modules already initialized, skipping
Refreshing native plugins compatible for Editor in 0.37 ms, found 0 plugins.
Preloading 0 native plugins for Editor in 0.00 ms.
Unloading 1341 Unused Serialized files (Serialized files now loaded: 0)
System memory in use before: 78.6 MB.
System memory in use after: 78.6 MB.

Unloading 10 unused Assets to reduce memory usage. Loaded Objects now: 1822.
Total: 2.433300 ms (FindLiveObjects: 0.214100 ms CreateObjectMapping: 0.050400 ms MarkObjects: 2.106000 ms  DeleteObjects: 0.061000 ms)

========================================================================
Received Prepare
Registering precompiled user dll's ...
Registered in 0.002620 seconds.
Begin MonoManager ReloadAssembly
Native extension for WindowsStandalone target not found
Native extension for WebGL target not found
Refreshing native plugins compatible for Editor in 0.48 ms, found 0 plugins.
Preloading 0 native plugins for Editor in 0.00 ms.
Mono: successfully reloaded assembly
- Completed reload, in  1.441 seconds
Platform modules already initialized, skipping
Refreshing native plugins compatible for Editor in 0.50 ms, found 0 plugins.
Preloading 0 native plugins for Editor in 0.00 ms.
Unloading 1341 Unused Serialized files (Serialized files now loaded: 0)
System memory in use before: 78.6 MB.
System memory in use after: 78.6 MB.

Unloading 10 unused Assets to reduce memory usage. Loaded Objects now: 1826.
Total: 2.910100 ms (FindLiveObjects: 0.253300 ms CreateObjectMapping: 0.076100 ms MarkObjects: 2.491800 ms  DeleteObjects: 0.087100 ms)

========================================================================
Received Prepare
Registering precompiled user dll's ...
Registered in 0.002185 seconds.
Begin MonoManager ReloadAssembly
Native extension for WindowsStandalone target not found
Native extension for WebGL target not found
Refreshing native plugins compatible for Editor in 0.77 ms, found 0 plugins.
Preloading 0 native plugins for Editor in 0.00 ms.
Mono: successfully reloaded assembly
- Completed reload, in  2.501 seconds
Platform modules already initialized, skipping
Refreshing native plugins compatible for Editor in 0.36 ms, found 0 plugins.
Preloading 0 native plugins for Editor in 0.00 ms.
Unloading 1341 Unused Serialized files (Serialized files now loaded: 0)
System memory in use before: 78.6 MB.
System memory in use after: 78.6 MB.

Unloading 10 unused Assets to reduce memory usage. Loaded Objects now: 1830.
Total: 3.283900 ms (FindLiveObjects: 0.284400 ms CreateObjectMapping: 0.085400 ms MarkObjects: 2.830600 ms  DeleteObjects: 0.081400 ms)

========================================================================
Received Prepare
Refreshing native plugins compatible for Editor in 1.81 ms, found 0 plugins.
Preloading 0 native plugins for Editor in 0.00 ms.
Unloading 8 Unused Serialized files (Serialized files now loaded: 0)
System memory in use before: 52.2 MB.
System memory in use after: 52.3 MB.

Unloading 8 unused Assets to reduce memory usage. Loaded Objects now: 1830.
Total: 2.719100 ms (FindLiveObjects: 0.289400 ms CreateObjectMapping: 0.054500 ms MarkObjects: 2.315800 ms  DeleteObjects: 0.057600 ms)

========================================================================
Received Prepare
Registering precompiled user dll's ...
Registered in 0.002809 seconds.
Begin MonoManager ReloadAssembly
Native extension for WindowsStandalone target not found
Native extension for WebGL target not found
Refreshing native plugins compatible for Editor in 0.33 ms, found 0 plugins.
Preloading 0 native plugins for Editor in 0.00 ms.
Mono: successfully reloaded assembly
- Completed reload, in  1.242 seconds
Platform modules already initialized, skipping
Refreshing native plugins compatible for Editor in 0.37 ms, found 0 plugins.
Preloading 0 native plugins for Editor in 0.00 ms.
Unloading 1341 Unused Serialized files (Serialized files now loaded: 0)
System memory in use before: 78.6 MB.
System memory in use after: 78.7 MB.

Unloading 10 unused Assets to reduce memory usage. Loaded Objects now: 1834.
Total: 1.963400 ms (FindLiveObjects: 0.177000 ms CreateObjectMapping: 0.034000 ms MarkObjects: 1.693400 ms  DeleteObjects: 0.057800 ms)

========================================================================
Received Prepare
Refreshing native plugins compatible for Editor in 2.30 ms, found 0 plugins.
Preloading 0 native plugins for Editor in 0.00 ms.
Unloading 8 Unused Serialized files (Serialized files now loaded: 0)
System memory in use before: 52.2 MB.
System memory in use after: 52.3 MB.

Unloading 8 unused Assets to reduce memory usage. Loaded Objects now: 1834.
Total: 2.888200 ms (FindLiveObjects: 0.223900 ms CreateObjectMapping: 0.051200 ms MarkObjects: 2.531500 ms  DeleteObjects: 0.079600 ms)

========================================================================
Received Prepare
Registering precompiled user dll's ...
Registered in 0.002865 seconds.
Begin MonoManager ReloadAssembly
Native extension for WindowsStandalone target not found
Native extension for WebGL target not found
Refreshing native plugins compatible for Editor in 0.54 ms, found 0 plugins.
Preloading 0 native plugins for Editor in 0.00 ms.
Mono: successfully reloaded assembly
- Completed reload, in  2.070 seconds
Platform modules already initialized, skipping
Refreshing native plugins compatible for Editor in 0.38 ms, found 0 plugins.
Preloading 0 native plugins for Editor in 0.00 ms.
Unloading 1341 Unused Serialized files (Serialized files now loaded: 0)
System memory in use before: 78.6 MB.
System memory in use after: 78.7 MB.

Unloading 10 unused Assets to reduce memory usage. Loaded Objects now: 1838.
Total: 4.171500 ms (FindLiveObjects: 0.240000 ms CreateObjectMapping: 0.054400 ms MarkObjects: 3.273200 ms  DeleteObjects: 0.601300 ms)

========================================================================
Received Prepare
Registering precompiled user dll's ...
Registered in 0.002839 seconds.
Begin MonoManager ReloadAssembly
Native extension for WindowsStandalone target not found
Native extension for WebGL target not found
Refreshing native plugins compatible for Editor in 0.47 ms, found 0 plugins.
Preloading 0 native plugins for Editor in 0.00 ms.
Mono: successfully reloaded assembly
- Completed reload, in  1.307 seconds
Platform modules already initialized, skipping
Refreshing native plugins compatible for Editor in 0.32 ms, found 0 plugins.
Preloading 0 native plugins for Editor in 0.00 ms.
Unloading 1341 Unused Serialized files (Serialized files now loaded: 0)
System memory in use before: 78.6 MB.
System memory in use after: 78.7 MB.

Unloading 10 unused Assets to reduce memory usage. Loaded Objects now: 1842.
Total: 2.309500 ms (FindLiveObjects: 0.226300 ms CreateObjectMapping: 0.046900 ms MarkObjects: 1.964100 ms  DeleteObjects: 0.070700 ms)

========================================================================
Received Prepare
Registering precompiled user dll's ...
Registered in 0.001846 seconds.
Begin MonoManager ReloadAssembly
Native extension for WindowsStandalone target not found
Native extension for WebGL target not found
Refreshing native plugins compatible for Editor in 0.50 ms, found 0 plugins.
Preloading 0 native plugins for Editor in 0.00 ms.
Mono: successfully reloaded assembly
- Completed reload, in  1.086 seconds
Platform modules already initialized, skipping
Refreshing native plugins compatible for Editor in 0.33 ms, found 0 plugins.
Preloading 0 native plugins for Editor in 0.00 ms.
Unloading 1341 Unused Serialized files (Serialized files now loaded: 0)
System memory in use before: 78.6 MB.
System memory in use after: 78.7 MB.

Unloading 10 unused Assets to reduce memory usage. Loaded Objects now: 1846.
Total: 2.110900 ms (FindLiveObjects: 0.175700 ms CreateObjectMapping: 0.044300 ms MarkObjects: 1.831100 ms  DeleteObjects: 0.058200 ms)

========================================================================
Received Prepare
Refreshing native plugins compatible for Editor in 2.48 ms, found 0 plugins.
Preloading 0 native plugins for Editor in 0.00 ms.
Unloading 8 Unused Serialized files (Serialized files now loaded: 0)
System memory in use before: 52.2 MB.
System memory in use after: 52.3 MB.

Unloading 8 unused Assets to reduce memory usage. Loaded Objects now: 1846.
Total: 2.376600 ms (FindLiveObjects: 0.219400 ms CreateObjectMapping: 0.042500 ms MarkObjects: 2.040300 ms  DeleteObjects: 0.072600 ms)

========================================================================
Received Prepare
Registering precompiled user dll's ...
Registered in 0.005054 seconds.
Begin MonoManager ReloadAssembly
Native extension for WindowsStandalone target not found
Native extension for WebGL target not found
Refreshing native plugins compatible for Editor in 0.76 ms, found 0 plugins.
Preloading 0 native plugins for Editor in 0.00 ms.
Mono: successfully reloaded assembly
- Completed reload, in  1.466 seconds
Platform modules already initialized, skipping
Refreshing native plugins compatible for Editor in 0.61 ms, found 0 plugins.
Preloading 0 native plugins for Editor in 0.00 ms.
Unloading 1341 Unused Serialized files (Serialized files now loaded: 0)
System memory in use before: 78.6 MB.
System memory in use after: 78.7 MB.

Unloading 10 unused Assets to reduce memory usage. Loaded Objects now: 1850.
Total: 2.813300 ms (FindLiveObjects: 0.272000 ms CreateObjectMapping: 0.085200 ms MarkObjects: 2.392800 ms  DeleteObjects: 0.061100 ms)

========================================================================
Received Import Request.
  Time since last request: 2252.017553 seconds.
  path: Assets/Resources/BlackMuscle.prefab
  artifactKey: Guid(3a6f9baa0d9d1384aa1144f945100bf3) Importer(815301076,1909f56bfc062723c751e8b465ee728b)
Start importing Assets/Resources/BlackMuscle.prefab using Guid(3a6f9baa0d9d1384aa1144f945100bf3) Importer(815301076,1909f56bfc062723c751e8b465ee728b)  -> (artifact id: '0df22d528758c8a4e076f1b0ac764e29') in 0.094426 seconds
  Import took 0.098353 seconds .

========================================================================
Received Import Request.
  Time since last request: 3.471999 seconds.
  path: Assets/Resources/BlackMuscle.prefab
  artifactKey: Guid(3a6f9baa0d9d1384aa1144f945100bf3) Importer(815301076,1909f56bfc062723c751e8b465ee728b)
Start importing Assets/Resources/BlackMuscle.prefab using Guid(3a6f9baa0d9d1384aa1144f945100bf3) Importer(815301076,1909f56bfc062723c751e8b465ee728b)  -> (artifact id: '6bb862201370da9fd6f6513bfd48e943') in 0.012927 seconds
  Import took 0.016122 seconds .

========================================================================
Received Import Request.
  Time since last request: 7.257167 seconds.
  path: Assets/Resources/BlackMuscle.prefab
  artifactKey: Guid(3a6f9baa0d9d1384aa1144f945100bf3) Importer(815301076,1909f56bfc062723c751e8b465ee728b)
Start importing Assets/Resources/BlackMuscle.prefab using Guid(3a6f9baa0d9d1384aa1144f945100bf3) Importer(815301076,1909f56bfc062723c751e8b465ee728b)  -> (artifact id: '3180ecbdcedd8b11d149153c825000d2') in 0.015476 seconds
  Import took 0.019780 seconds .

========================================================================
Received Import Request.
  Time since last request: 16.603596 seconds.
  path: Assets/Resources/GTR.prefab
  artifactKey: Guid(803db4f07388eb94a9400681ccc55598) Importer(815301076,1909f56bfc062723c751e8b465ee728b)
Start importing Assets/Resources/GTR.prefab using Guid(803db4f07388eb94a9400681ccc55598) Importer(815301076,1909f56bfc062723c751e8b465ee728b)  -> (artifact id: '6946919d79511735255f5368163b549f') in 0.058787 seconds
  Import took 0.062453 seconds .

========================================================================
Received Import Request.
  Time since last request: 5.565160 seconds.
  path: Assets/Resources/GTR.prefab
  artifactKey: Guid(803db4f07388eb94a9400681ccc55598) Importer(815301076,1909f56bfc062723c751e8b465ee728b)
Start importing Assets/Resources/GTR.prefab using Guid(803db4f07388eb94a9400681ccc55598) Importer(815301076,1909f56bfc062723c751e8b465ee728b)  -> (artifact id: '6e975ec4f93be4187b6556e2bdc6d522') in 0.013326 seconds
  Import took 0.016169 seconds .

========================================================================
Received Import Request.
  Time since last request: 9.124271 seconds.
  path: Assets/Resources/WhiteSports.prefab
  artifactKey: Guid(826049614546b3d4c82d8e09f3540f9e) Importer(815301076,1909f56bfc062723c751e8b465ee728b)
Start importing Assets/Resources/WhiteSports.prefab using Guid(826049614546b3d4c82d8e09f3540f9e) Importer(815301076,1909f56bfc062723c751e8b465ee728b)  -> (artifact id: '0256e9eb29c6a1cdae4dd60622a4c277') in 0.055215 seconds
  Import took 0.058604 seconds .

========================================================================
Received Import Request.
  Time since last request: 2.548062 seconds.
  path: Assets/Resources/WhiteSports.prefab
  artifactKey: Guid(826049614546b3d4c82d8e09f3540f9e) Importer(815301076,1909f56bfc062723c751e8b465ee728b)
Start importing Assets/Resources/WhiteSports.prefab using Guid(826049614546b3d4c82d8e09f3540f9e) Importer(815301076,1909f56bfc062723c751e8b465ee728b)  -> (artifact id: '547f87ca86130c0111ce4b8650f2a0b0') in 0.014561 seconds
  Import took 0.018510 seconds .

========================================================================
Received Import Request.
  Time since last request: 3.204613 seconds.
  path: Assets/Resources/WhiteSports.prefab
  artifactKey: Guid(826049614546b3d4c82d8e09f3540f9e) Importer(815301076,1909f56bfc062723c751e8b465ee728b)
Start importing Assets/Resources/WhiteSports.prefab using Guid(826049614546b3d4c82d8e09f3540f9e) Importer(815301076,1909f56bfc062723c751e8b465ee728b)  -> (artifact id: 'b973a24175a12e680bf0c6fa2ab3aee9') in 0.014765 seconds
  Import took 0.018919 seconds .

========================================================================
Received Import Request.
  Time since last request: 21.614556 seconds.
  path: Assets/Scenes/RacingScene.unity
  artifactKey: Guid(6e48e0421175d884b9e796919c8a1080) Importer(815301076,1909f56bfc062723c751e8b465ee728b)
Start importing Assets/Scenes/RacingScene.unity using Guid(6e48e0421175d884b9e796919c8a1080) Importer(815301076,1909f56bfc062723c751e8b465ee728b)  -> (artifact id: '597754bd4e0ee8e5e5919112d0261dff') in 0.003049 seconds
  Import took 0.005490 seconds .

========================================================================
Received Import Request.
  Time since last request: 20.720298 seconds.
  path: Assets/Scenes/LobbyScene.unity
  artifactKey: Guid(3adb158719a2fde47b23f83f67d010c9) Importer(815301076,1909f56bfc062723c751e8b465ee728b)
Start importing Assets/Scenes/LobbyScene.unity using Guid(3adb158719a2fde47b23f83f67d010c9) Importer(815301076,1909f56bfc062723c751e8b465ee728b)  -> (artifact id: 'd2e3e2c2eb25453604b96bb27c18ae58') in 0.007420 seconds
  Import took 0.010077 seconds .

========================================================================
Received Prepare
Registering precompiled user dll's ...
Registered in 0.002110 seconds.
Begin MonoManager ReloadAssembly
Native extension for WindowsStandalone target not found
Native extension for WebGL target not found
Refreshing native plugins compatible for Editor in 0.83 ms, found 0 plugins.
Preloading 0 native plugins for Editor in 0.00 ms.
Mono: successfully reloaded assembly
- Completed reload, in  2.262 seconds
Platform modules already initialized, skipping
Refreshing native plugins compatible for Editor in 0.44 ms, found 0 plugins.
Preloading 0 native plugins for Editor in 0.00 ms.
Unloading 1341 Unused Serialized files (Serialized files now loaded: 0)
System memory in use before: 78.6 MB.
System memory in use after: 78.7 MB.

Unloading 10 unused Assets to reduce memory usage. Loaded Objects now: 1855.
Total: 2.555300 ms (FindLiveObjects: 0.217900 ms CreateObjectMapping: 0.050300 ms MarkObjects: 2.215000 ms  DeleteObjects: 0.070800 ms)

========================================================================
Received Prepare
Refreshing native plugins compatible for Editor in 1.73 ms, found 0 plugins.
Preloading 0 native plugins for Editor in 0.00 ms.
Unloading 8 Unused Serialized files (Serialized files now loaded: 0)
System memory in use before: 52.2 MB.
System memory in use after: 52.3 MB.

Unloading 8 unused Assets to reduce memory usage. Loaded Objects now: 1855.
Total: 2.519800 ms (FindLiveObjects: 0.195900 ms CreateObjectMapping: 0.055400 ms MarkObjects: 2.207500 ms  DeleteObjects: 0.059300 ms)

========================================================================
Received Prepare
Registering precompiled user dll's ...
Registered in 0.003492 seconds.
Begin MonoManager ReloadAssembly
Native extension for WindowsStandalone target not found
Native extension for WebGL target not found
Refreshing native plugins compatible for Editor in 0.39 ms, found 0 plugins.
Preloading 0 native plugins for Editor in 0.00 ms.
Mono: successfully reloaded assembly
- Completed reload, in  1.320 seconds
Platform modules already initialized, skipping
Refreshing native plugins compatible for Editor in 0.29 ms, found 0 plugins.
Preloading 0 native plugins for Editor in 0.00 ms.
Unloading 1341 Unused Serialized files (Serialized files now loaded: 0)
System memory in use before: 78.7 MB.
System memory in use after: 78.7 MB.

Unloading 10 unused Assets to reduce memory usage. Loaded Objects now: 1859.
Total: 2.372600 ms (FindLiveObjects: 0.169900 ms CreateObjectMapping: 0.032700 ms MarkObjects: 2.105000 ms  DeleteObjects: 0.063400 ms)

========================================================================
Received Prepare
Refreshing native plugins compatible for Editor in 1.61 ms, found 0 plugins.
Preloading 0 native plugins for Editor in 0.00 ms.
Unloading 8 Unused Serialized files (Serialized files now loaded: 0)
System memory in use before: 52.3 MB.
System memory in use after: 52.3 MB.

Unloading 8 unused Assets to reduce memory usage. Loaded Objects now: 1859.
Total: 2.365300 ms (FindLiveObjects: 0.195700 ms CreateObjectMapping: 0.044800 ms MarkObjects: 2.053100 ms  DeleteObjects: 0.069900 ms)

========================================================================
Received Prepare
Registering precompiled user dll's ...
Registered in 0.003892 seconds.
Begin MonoManager ReloadAssembly
Native extension for WindowsStandalone target not found
Native extension for WebGL target not found
Refreshing native plugins compatible for Editor in 0.48 ms, found 0 plugins.
Preloading 0 native plugins for Editor in 0.00 ms.
Mono: successfully reloaded assembly
- Completed reload, in  1.458 seconds
Platform modules already initialized, skipping
Refreshing native plugins compatible for Editor in 0.37 ms, found 0 plugins.
Preloading 0 native plugins for Editor in 0.00 ms.
Unloading 1341 Unused Serialized files (Serialized files now loaded: 0)
System memory in use before: 78.7 MB.
System memory in use after: 78.7 MB.

Unloading 10 unused Assets to reduce memory usage. Loaded Objects now: 1863.
Total: 3.075600 ms (FindLiveObjects: 0.223400 ms CreateObjectMapping: 0.056800 ms MarkObjects: 2.718800 ms  DeleteObjects: 0.074400 ms)

========================================================================
Received Prepare
Registering precompiled user dll's ...
Registered in 0.002047 seconds.
Begin MonoManager ReloadAssembly
Native extension for WindowsStandalone target not found
Native extension for WebGL target not found
Refreshing native plugins compatible for Editor in 0.62 ms, found 0 plugins.
Preloading 0 native plugins for Editor in 0.00 ms.
Mono: successfully reloaded assembly
- Completed reload, in  1.344 seconds
Platform modules already initialized, skipping
Refreshing native plugins compatible for Editor in 0.68 ms, found 0 plugins.
Preloading 0 native plugins for Editor in 0.00 ms.
Unloading 1341 Unused Serialized files (Serialized files now loaded: 0)
System memory in use before: 78.7 MB.
System memory in use after: 78.8 MB.

Unloading 10 unused Assets to reduce memory usage. Loaded Objects now: 1867.
Total: 2.293600 ms (FindLiveObjects: 0.247900 ms CreateObjectMapping: 0.049300 ms MarkObjects: 1.930100 ms  DeleteObjects: 0.064700 ms)

========================================================================
Received Import Request.
  Time since last request: 246.152764 seconds.
  path: Assets/Scenes/RacingScene.unity
  artifactKey: Guid(6e48e0421175d884b9e796919c8a1080) Importer(815301076,1909f56bfc062723c751e8b465ee728b)
Start importing Assets/Scenes/RacingScene.unity using Guid(6e48e0421175d884b9e796919c8a1080) Importer(815301076,1909f56bfc062723c751e8b465ee728b)  -> (artifact id: 'c5abc26035d5aa26f2ff4c13ccc240a0') in 0.015627 seconds
  Import took 0.018538 seconds .

========================================================================
Received Import Request.
  Time since last request: 0.013349 seconds.
  path: Assets/Scenes/RacingScene.unity
  artifactKey: Guid(6e48e0421175d884b9e796919c8a1080) Importer(815301076,1909f56bfc062723c751e8b465ee728b)
Start importing Assets/Scenes/RacingScene.unity using Guid(6e48e0421175d884b9e796919c8a1080) Importer(815301076,1909f56bfc062723c751e8b465ee728b)  -> (artifact id: 'c5abc26035d5aa26f2ff4c13ccc240a0') in 0.002924 seconds
  Import took 0.006647 seconds .

========================================================================
Received Prepare
Registering precompiled user dll's ...
Registered in 0.002173 seconds.
Begin MonoManager ReloadAssembly
Native extension for WindowsStandalone target not found
Native extension for WebGL target not found
Refreshing native plugins compatible for Editor in 0.46 ms, found 0 plugins.
Preloading 0 native plugins for Editor in 0.00 ms.
Mono: successfully reloaded assembly
- Completed reload, in  1.336 seconds
Platform modules already initialized, skipping
Refreshing native plugins compatible for Editor in 0.33 ms, found 0 plugins.
Preloading 0 native plugins for Editor in 0.00 ms.
Unloading 1341 Unused Serialized files (Serialized files now loaded: 0)
System memory in use before: 78.7 MB.
System memory in use after: 78.8 MB.

Unloading 10 unused Assets to reduce memory usage. Loaded Objects now: 1871.
Total: 2.185700 ms (FindLiveObjects: 0.218500 ms CreateObjectMapping: 0.048400 ms MarkObjects: 1.852000 ms  DeleteObjects: 0.065300 ms)

========================================================================
Received Prepare
Registering precompiled user dll's ...
Registered in 0.002546 seconds.
Begin MonoManager ReloadAssembly
Native extension for WindowsStandalone target not found
Native extension for WebGL target not found
Refreshing native plugins compatible for Editor in 0.45 ms, found 0 plugins.
Preloading 0 native plugins for Editor in 0.00 ms.
Mono: successfully reloaded assembly
- Completed reload, in  1.387 seconds
Platform modules already initialized, skipping
Refreshing native plugins compatible for Editor in 0.31 ms, found 0 plugins.
Preloading 0 native plugins for Editor in 0.00 ms.
Unloading 1341 Unused Serialized files (Serialized files now loaded: 0)
System memory in use before: 78.7 MB.
System memory in use after: 78.8 MB.

Unloading 10 unused Assets to reduce memory usage. Loaded Objects now: 1875.
Total: 2.182000 ms (FindLiveObjects: 0.289900 ms CreateObjectMapping: 0.059200 ms MarkObjects: 1.763600 ms  DeleteObjects: 0.064600 ms)

========================================================================
Received Prepare
Registering precompiled user dll's ...
Registered in 0.002380 seconds.
Begin MonoManager ReloadAssembly
Native extension for WindowsStandalone target not found
Native extension for WebGL target not found
Refreshing native plugins compatible for Editor in 0.37 ms, found 0 plugins.
Preloading 0 native plugins for Editor in 0.00 ms.
Mono: successfully reloaded assembly
- Completed reload, in  1.226 seconds
Platform modules already initialized, skipping
Refreshing native plugins compatible for Editor in 0.33 ms, found 0 plugins.
Preloading 0 native plugins for Editor in 0.00 ms.
Unloading 1341 Unused Serialized files (Serialized files now loaded: 0)
System memory in use before: 78.7 MB.
System memory in use after: 78.8 MB.

Unloading 10 unused Assets to reduce memory usage. Loaded Objects now: 1879.
Total: 1.940700 ms (FindLiveObjects: 0.180900 ms CreateObjectMapping: 0.039300 ms MarkObjects: 1.656600 ms  DeleteObjects: 0.062500 ms)

========================================================================
Received Prepare
Refreshing native plugins compatible for Editor in 1.79 ms, found 0 plugins.
Preloading 0 native plugins for Editor in 0.00 ms.
Unloading 8 Unused Serialized files (Serialized files now loaded: 0)
System memory in use before: 52.3 MB.
System memory in use after: 52.4 MB.

Unloading 8 unused Assets to reduce memory usage. Loaded Objects now: 1879.
Total: 3.011800 ms (FindLiveObjects: 0.273800 ms CreateObjectMapping: 0.122000 ms MarkObjects: 2.544400 ms  DeleteObjects: 0.069400 ms)

========================================================================
Received Prepare
Registering precompiled user dll's ...
Registered in 0.002342 seconds.
Begin MonoManager ReloadAssembly
Native extension for WindowsStandalone target not found
Native extension for WebGL target not found
Refreshing native plugins compatible for Editor in 0.62 ms, found 0 plugins.
Preloading 0 native plugins for Editor in 0.00 ms.
Mono: successfully reloaded assembly
- Completed reload, in  1.458 seconds
Platform modules already initialized, skipping
Refreshing native plugins compatible for Editor in 0.40 ms, found 0 plugins.
Preloading 0 native plugins for Editor in 0.00 ms.
Unloading 1341 Unused Serialized files (Serialized files now loaded: 0)
System memory in use before: 78.7 MB.
System memory in use after: 78.8 MB.

Unloading 10 unused Assets to reduce memory usage. Loaded Objects now: 1883.
Total: 3.257200 ms (FindLiveObjects: 0.264200 ms CreateObjectMapping: 0.075900 ms MarkObjects: 2.821800 ms  DeleteObjects: 0.093100 ms)

AssetImportWorkerClient::OnTransportError - code=2 error=End of file
