Using pre-set license
Built from '2020.3/staging' branch; Version is '2020.3.6f1 (338bb68529b2) revision 3378102'; Using compiler version '192528614'; Build Type 'Release'
OS: 'Windows 10 Education; OS build 19044.1586; Version 2009; 64bit' Language: 'en' Physical Memory: 15308 MB
BatchMode: 1, IsHumanControllingUs: 0, StartBugReporterOnCrash: 0, Is64bit: 1, IsPro: 0

 COMMAND LINE ARGUMENTS:
E:\Programs\UnityEditors\2020.3.6f1\Editor\Unity.exe
-adb2
-batchMode
-noUpm
-name
AssetImportWorker0
-projectPath
E:/School/GAMNET 2.0/Module3
-logFile
Logs/AssetImportWorker0.log
-srvPort
54893
Successfully changed project path to: E:/School/GAMNET 2.0/Module3
E:/School/GAMNET 2.0/Module3
Using Asset Import Pipeline V2.
Refreshing native plugins compatible for Editor in 48.65 ms, found 0 plugins.
Preloading 0 native plugins for Editor in 0.00 ms.
Initialize engine version: 2020.3.6f1 (338bb68529b2)
[Subsystems] Discovering subsystems at path E:/Programs/UnityEditors/2020.3.6f1/Editor/Data/Resources/UnitySubsystems
[Subsystems] Discovering subsystems at path E:/School/GAMNET 2.0/Module3/Assets
GfxDevice: creating device client; threaded=0
Direct3D:
    Version:  Direct3D 11.0 [level 11.1]
    Renderer: Radeon RX 580 Series (ID=0x67df)
    Vendor:   
    VRAM:     8171 MB
    Driver:   27.20.1034.6
Initialize mono
Mono path[0] = 'E:/Programs/UnityEditors/2020.3.6f1/Editor/Data/Managed'
Mono path[1] = 'E:/Programs/UnityEditors/2020.3.6f1/Editor/Data/MonoBleedingEdge/lib/mono/unityjit'
Mono config path = 'E:/Programs/UnityEditors/2020.3.6f1/Editor/Data/MonoBleedingEdge/etc'
Using monoOptions --debugger-agent=transport=dt_socket,embedding=1,server=y,suspend=n,address=127.0.0.1:56308
Begin MonoManager ReloadAssembly
Registering precompiled unity dll's ...
Register platform support module: E:/Programs/UnityEditors/2020.3.6f1/Editor/Data/PlaybackEngines/WebGLSupport/UnityEditor.WebGL.Extensions.dll
Register platform support module: E:/Programs/UnityEditors/2020.3.6f1/Editor/Data/PlaybackEngines/WindowsStandaloneSupport/UnityEditor.WindowsStandalone.Extensions.dll
Registered in 0.002295 seconds.
Native extension for WindowsStandalone target not found
Native extension for WebGL target not found
Refreshing native plugins compatible for Editor in 41.79 ms, found 0 plugins.
Preloading 0 native plugins for Editor in 0.00 ms.
Mono: successfully reloaded assembly
- Completed reload, in  2.082 seconds
Platform modules already initialized, skipping
Registering precompiled user dll's ...
Registered in 0.002926 seconds.
Begin MonoManager ReloadAssembly
Native extension for WindowsStandalone target not found
Native extension for WebGL target not found
Refreshing native plugins compatible for Editor in 0.33 ms, found 0 plugins.
Preloading 0 native plugins for Editor in 0.00 ms.
Mono: successfully reloaded assembly
- Completed reload, in  1.121 seconds
Platform modules already initialized, skipping
========================================================================
Worker process is ready to serve import requests
Launched and connected shader compiler UnityShaderCompiler.exe after 0.07 seconds
Refreshing native plugins compatible for Editor in 0.37 ms, found 0 plugins.
Preloading 0 native plugins for Editor in 0.00 ms.
Unloading 1353 Unused Serialized files (Serialized files now loaded: 0)
System memory in use before: 77.1 MB.
System memory in use after: 77.1 MB.

Unloading 16 unused Assets to reduce memory usage. Loaded Objects now: 1805.
Total: 2.325900 ms (FindLiveObjects: 0.214000 ms CreateObjectMapping: 0.058100 ms MarkObjects: 1.948500 ms  DeleteObjects: 0.103500 ms)

========================================================================
Received Import Request.
  path: Assets/Resources/Projectile.prefab
  artifactKey: Guid(86787ce81c3d26c49ac83a44f05e0e50) Importer(815301076,1909f56bfc062723c751e8b465ee728b)
Start importing Assets/Resources/Projectile.prefab using Guid(86787ce81c3d26c49ac83a44f05e0e50) Importer(815301076,1909f56bfc062723c751e8b465ee728b)  -> (artifact id: '868749da5967f4182687e932cd416368') in 0.164865 seconds
  Import took 0.167490 seconds .

========================================================================
Received Import Request.
  Time since last request: 259.886344 seconds.
  path: Assets/Scripts/VehicleStats.cs
  artifactKey: Guid(2bc42b64fc9010d4b81f6e93ef8f29e5) Importer(815301076,1909f56bfc062723c751e8b465ee728b)
Start importing Assets/Scripts/VehicleStats.cs using Guid(2bc42b64fc9010d4b81f6e93ef8f29e5) Importer(815301076,1909f56bfc062723c751e8b465ee728b)  -> (artifact id: 'ddb8fc3cd79ea71a2457063867158aab') in 0.015264 seconds
  Import took 0.018117 seconds .

========================================================================
Received Import Request.
  Time since last request: 1.061727 seconds.
  path: Assets/Scripts/VehicleShooting.cs
  artifactKey: Guid(f6affc6d04478dd47a9b9536270e8f2a) Importer(815301076,1909f56bfc062723c751e8b465ee728b)
Start importing Assets/Scripts/VehicleShooting.cs using Guid(f6affc6d04478dd47a9b9536270e8f2a) Importer(815301076,1909f56bfc062723c751e8b465ee728b)  -> (artifact id: 'af3ea6802f117878294f6fd14c69f5f3') in 0.011045 seconds
  Import took 0.014139 seconds .

========================================================================
Received Import Request.
  Time since last request: 0.042549 seconds.
  path: Assets/Scripts/VehicleShooting.cs
  artifactKey: Guid(f6affc6d04478dd47a9b9536270e8f2a) Importer(815301076,1909f56bfc062723c751e8b465ee728b)
Start importing Assets/Scripts/VehicleShooting.cs using Guid(f6affc6d04478dd47a9b9536270e8f2a) Importer(815301076,1909f56bfc062723c751e8b465ee728b)  -> (artifact id: 'af3ea6802f117878294f6fd14c69f5f3') in 0.003251 seconds
  Import took 0.007221 seconds .

========================================================================
Received Prepare
Registering precompiled user dll's ...
Registered in 0.003154 seconds.
Begin MonoManager ReloadAssembly
Native extension for WindowsStandalone target not found
Native extension for WebGL target not found
Refreshing native plugins compatible for Editor in 0.41 ms, found 0 plugins.
Preloading 0 native plugins for Editor in 0.00 ms.
Mono: successfully reloaded assembly
- Completed reload, in  1.530 seconds
Platform modules already initialized, skipping
Refreshing native plugins compatible for Editor in 0.50 ms, found 0 plugins.
Preloading 0 native plugins for Editor in 0.00 ms.
Unloading 1345 Unused Serialized files (Serialized files now loaded: 0)
System memory in use before: 79.9 MB.
System memory in use after: 79.9 MB.

Unloading 10 unused Assets to reduce memory usage. Loaded Objects now: 1817.
Total: 2.728000 ms (FindLiveObjects: 0.260300 ms CreateObjectMapping: 0.063300 ms MarkObjects: 2.319400 ms  DeleteObjects: 0.083400 ms)

========================================================================
Received Import Request.
  Time since last request: 8631.594463 seconds.
  path: Assets/Resources/PlainSportsDR.prefab
  artifactKey: Guid(9ef9abb787742ca4eb8110a67ea9de32) Importer(815301076,1909f56bfc062723c751e8b465ee728b)
Start importing Assets/Resources/PlainSportsDR.prefab using Guid(9ef9abb787742ca4eb8110a67ea9de32) Importer(815301076,1909f56bfc062723c751e8b465ee728b)  -> (artifact id: '1a63f9829ab1016d08298768eb8b8952') in 0.389916 seconds
  Import took 0.438743 seconds .

========================================================================
Received Import Request.
  Time since last request: 9.164239 seconds.
  path: Assets/Resources/PlainSportsDR.prefab
  artifactKey: Guid(9ef9abb787742ca4eb8110a67ea9de32) Importer(815301076,1909f56bfc062723c751e8b465ee728b)
Start importing Assets/Resources/PlainSportsDR.prefab using Guid(9ef9abb787742ca4eb8110a67ea9de32) Importer(815301076,1909f56bfc062723c751e8b465ee728b)  -> (artifact id: '2376eefe85436f179ca23d6374123616') in 0.085287 seconds
  Import took 0.090859 seconds .

========================================================================
Received Import Request.
  Time since last request: 3.144387 seconds.
  path: Assets/Resources/PlainSportsDR.prefab
  artifactKey: Guid(9ef9abb787742ca4eb8110a67ea9de32) Importer(815301076,1909f56bfc062723c751e8b465ee728b)
Start importing Assets/Resources/PlainSportsDR.prefab using Guid(9ef9abb787742ca4eb8110a67ea9de32) Importer(815301076,1909f56bfc062723c751e8b465ee728b)  -> (artifact id: '54eab09d982cd39d8b84cca3ae95c0d6') in 0.028418 seconds
  Import took 0.031747 seconds .

========================================================================
Received Import Request.
  Time since last request: 4.393093 seconds.
  path: Assets/Resources/PlainSportsDR.prefab
  artifactKey: Guid(9ef9abb787742ca4eb8110a67ea9de32) Importer(815301076,1909f56bfc062723c751e8b465ee728b)
Start importing Assets/Resources/PlainSportsDR.prefab using Guid(9ef9abb787742ca4eb8110a67ea9de32) Importer(815301076,1909f56bfc062723c751e8b465ee728b)  -> (artifact id: '08610c1bd6ba64aed3dcd7ad529693e8') in 0.024611 seconds
  Import took 0.027872 seconds .

========================================================================
Received Prepare
Registering precompiled user dll's ...
Registered in 0.184899 seconds.
Begin MonoManager ReloadAssembly
Native extension for WindowsStandalone target not found
Native extension for WebGL target not found
Refreshing native plugins compatible for Editor in 0.55 ms, found 0 plugins.
Preloading 0 native plugins for Editor in 0.00 ms.
Mono: successfully reloaded assembly
- Completed reload, in  1.219 seconds
Platform modules already initialized, skipping
Refreshing native plugins compatible for Editor in 0.33 ms, found 0 plugins.
Preloading 0 native plugins for Editor in 0.00 ms.
Unloading 1345 Unused Serialized files (Serialized files now loaded: 0)
System memory in use before: 79.9 MB.
System memory in use after: 80.0 MB.

Unloading 11 unused Assets to reduce memory usage. Loaded Objects now: 1822.
Total: 2.354700 ms (FindLiveObjects: 0.264700 ms CreateObjectMapping: 0.079800 ms MarkObjects: 1.935200 ms  DeleteObjects: 0.073100 ms)

========================================================================
Received Prepare
Refreshing native plugins compatible for Editor in 2.44 ms, found 0 plugins.
Preloading 0 native plugins for Editor in 0.00 ms.
Unloading 8 Unused Serialized files (Serialized files now loaded: 0)
System memory in use before: 53.5 MB.
System memory in use after: 53.5 MB.

Unloading 8 unused Assets to reduce memory usage. Loaded Objects now: 1822.
Total: 2.479300 ms (FindLiveObjects: 0.323800 ms CreateObjectMapping: 0.099800 ms MarkObjects: 1.992300 ms  DeleteObjects: 0.061400 ms)

========================================================================
Received Prepare
Registering precompiled user dll's ...
Registered in 0.003637 seconds.
Begin MonoManager ReloadAssembly
Native extension for WindowsStandalone target not found
Native extension for WebGL target not found
Refreshing native plugins compatible for Editor in 0.48 ms, found 0 plugins.
Preloading 0 native plugins for Editor in 0.00 ms.
Mono: successfully reloaded assembly
- Completed reload, in  1.820 seconds
Platform modules already initialized, skipping
Refreshing native plugins compatible for Editor in 0.55 ms, found 0 plugins.
Preloading 0 native plugins for Editor in 0.00 ms.
Unloading 1345 Unused Serialized files (Serialized files now loaded: 0)
System memory in use before: 79.9 MB.
System memory in use after: 80.0 MB.

Unloading 10 unused Assets to reduce memory usage. Loaded Objects now: 1826.
Total: 3.041600 ms (FindLiveObjects: 0.226100 ms CreateObjectMapping: 0.052500 ms MarkObjects: 2.691700 ms  DeleteObjects: 0.069600 ms)

========================================================================
Received Prepare
Registering precompiled user dll's ...
Registered in 0.002543 seconds.
Begin MonoManager ReloadAssembly
Native extension for WindowsStandalone target not found
Native extension for WebGL target not found
Refreshing native plugins compatible for Editor in 0.34 ms, found 0 plugins.
Preloading 0 native plugins for Editor in 0.00 ms.
Mono: successfully reloaded assembly
- Completed reload, in  1.160 seconds
Platform modules already initialized, skipping
Refreshing native plugins compatible for Editor in 0.37 ms, found 0 plugins.
Preloading 0 native plugins for Editor in 0.00 ms.
Unloading 1345 Unused Serialized files (Serialized files now loaded: 0)
System memory in use before: 80.0 MB.
System memory in use after: 80.0 MB.

Unloading 10 unused Assets to reduce memory usage. Loaded Objects now: 1830.
Total: 2.168400 ms (FindLiveObjects: 0.255700 ms CreateObjectMapping: 0.066400 ms MarkObjects: 1.776400 ms  DeleteObjects: 0.068500 ms)

========================================================================
Received Prepare
Registering precompiled user dll's ...
Registered in 0.002906 seconds.
Begin MonoManager ReloadAssembly
Native extension for WindowsStandalone target not found
Native extension for WebGL target not found
Refreshing native plugins compatible for Editor in 0.60 ms, found 0 plugins.
Preloading 0 native plugins for Editor in 0.00 ms.
Mono: successfully reloaded assembly
- Completed reload, in  2.524 seconds
Platform modules already initialized, skipping
Refreshing native plugins compatible for Editor in 0.53 ms, found 0 plugins.
Preloading 0 native plugins for Editor in 0.00 ms.
Unloading 1345 Unused Serialized files (Serialized files now loaded: 0)
System memory in use before: 80.0 MB.
System memory in use after: 80.1 MB.

Unloading 10 unused Assets to reduce memory usage. Loaded Objects now: 1834.
Total: 3.406100 ms (FindLiveObjects: 0.249900 ms CreateObjectMapping: 0.098800 ms MarkObjects: 2.894900 ms  DeleteObjects: 0.160100 ms)

========================================================================
Received Prepare
Refreshing native plugins compatible for Editor in 1.75 ms, found 0 plugins.
Preloading 0 native plugins for Editor in 0.00 ms.
Unloading 8 Unused Serialized files (Serialized files now loaded: 0)
System memory in use before: 53.5 MB.
System memory in use after: 53.6 MB.

Unloading 8 unused Assets to reduce memory usage. Loaded Objects now: 1834.
Total: 3.051100 ms (FindLiveObjects: 0.265800 ms CreateObjectMapping: 0.107300 ms MarkObjects: 2.609200 ms  DeleteObjects: 0.066700 ms)

========================================================================
Received Prepare
Registering precompiled user dll's ...
Registered in 0.002870 seconds.
Begin MonoManager ReloadAssembly
Native extension for WindowsStandalone target not found
Native extension for WebGL target not found
Refreshing native plugins compatible for Editor in 0.54 ms, found 0 plugins.
Preloading 0 native plugins for Editor in 0.00 ms.
Mono: successfully reloaded assembly
- Completed reload, in  1.421 seconds
Platform modules already initialized, skipping
Refreshing native plugins compatible for Editor in 0.38 ms, found 0 plugins.
Preloading 0 native plugins for Editor in 0.00 ms.
Unloading 1345 Unused Serialized files (Serialized files now loaded: 0)
System memory in use before: 80.0 MB.
System memory in use after: 80.1 MB.

Unloading 10 unused Assets to reduce memory usage. Loaded Objects now: 1838.
Total: 2.858200 ms (FindLiveObjects: 0.286800 ms CreateObjectMapping: 0.067400 ms MarkObjects: 2.436100 ms  DeleteObjects: 0.066600 ms)

AssetImportWorkerClient::OnTransportError - code=2 error=End of file
