Using pre-set license
Built from '2020.3/staging' branch; Version is '2020.3.6f1 (338bb68529b2) revision 3378102'; Using compiler version '192528614'; Build Type 'Release'
OS: 'Windows 10 Education; OS build 19044.1586; Version 2009; 64bit' Language: 'en' Physical Memory: 15308 MB
BatchMode: 1, IsHumanControllingUs: 0, StartBugReporterOnCrash: 0, Is64bit: 1, IsPro: 0

 COMMAND LINE ARGUMENTS:
E:\Programs\UnityEditors\2020.3.6f1\Editor\Unity.exe
-adb2
-batchMode
-noUpm
-name
AssetImportWorker0
-projectPath
E:/School/GAMNET 2.0/Module1
-logFile
Logs/AssetImportWorker0.log
-srvPort
56535
Successfully changed project path to: E:/School/GAMNET 2.0/Module1
E:/School/GAMNET 2.0/Module1
Using Asset Import Pipeline V2.
Refreshing native plugins compatible for Editor in 36.79 ms, found 0 plugins.
Preloading 0 native plugins for Editor in 0.00 ms.
Initialize engine version: 2020.3.6f1 (338bb68529b2)
[Subsystems] Discovering subsystems at path E:/Programs/UnityEditors/2020.3.6f1/Editor/Data/Resources/UnitySubsystems
[Subsystems] Discovering subsystems at path E:/School/GAMNET 2.0/Module1/Assets
GfxDevice: creating device client; threaded=0
Direct3D:
    Version:  Direct3D 11.0 [level 11.1]
    Renderer: Radeon RX 580 Series (ID=0x67df)
    Vendor:   
    VRAM:     8171 MB
    Driver:   27.20.1034.6
Initialize mono
Mono path[0] = 'E:/Programs/UnityEditors/2020.3.6f1/Editor/Data/Managed'
Mono path[1] = 'E:/Programs/UnityEditors/2020.3.6f1/Editor/Data/MonoBleedingEdge/lib/mono/unityjit'
Mono config path = 'E:/Programs/UnityEditors/2020.3.6f1/Editor/Data/MonoBleedingEdge/etc'
Using monoOptions --debugger-agent=transport=dt_socket,embedding=1,server=y,suspend=n,address=127.0.0.1:56520
Begin MonoManager ReloadAssembly
Registering precompiled unity dll's ...
Register platform support module: E:/Programs/UnityEditors/2020.3.6f1/Editor/Data/PlaybackEngines/WebGLSupport/UnityEditor.WebGL.Extensions.dll
Register platform support module: E:/Programs/UnityEditors/2020.3.6f1/Editor/Data/PlaybackEngines/WindowsStandaloneSupport/UnityEditor.WindowsStandalone.Extensions.dll
Registered in 0.001735 seconds.
Native extension for WindowsStandalone target not found
Native extension for WebGL target not found
Refreshing native plugins compatible for Editor in 34.76 ms, found 0 plugins.
Preloading 0 native plugins for Editor in 0.00 ms.
Mono: successfully reloaded assembly
- Completed reload, in  2.506 seconds
Platform modules already initialized, skipping
Registering precompiled user dll's ...
Registered in 0.002344 seconds.
Begin MonoManager ReloadAssembly
Native extension for WindowsStandalone target not found
Native extension for WebGL target not found
Refreshing native plugins compatible for Editor in 0.31 ms, found 0 plugins.
Preloading 0 native plugins for Editor in 0.00 ms.
Mono: successfully reloaded assembly
- Completed reload, in  1.149 seconds
Platform modules already initialized, skipping
========================================================================
Worker process is ready to serve import requests
Launched and connected shader compiler UnityShaderCompiler.exe after 0.08 seconds
Refreshing native plugins compatible for Editor in 0.56 ms, found 0 plugins.
Preloading 0 native plugins for Editor in 0.00 ms.
Unloading 1357 Unused Serialized files (Serialized files now loaded: 0)
System memory in use before: 67.9 MB.
System memory in use after: 68.0 MB.

Unloading 16 unused Assets to reduce memory usage. Loaded Objects now: 1797.
Total: 3.630500 ms (FindLiveObjects: 0.283300 ms CreateObjectMapping: 0.115300 ms MarkObjects: 3.092000 ms  DeleteObjects: 0.138100 ms)

========================================================================
Received Import Request.
  path: Assets/Resources/Player.prefab
  artifactKey: Guid(0816b616d4aa8014ea6fe2d8e6a4e885) Importer(815301076,1909f56bfc062723c751e8b465ee728b)
Start importing Assets/Resources/Player.prefab using Guid(0816b616d4aa8014ea6fe2d8e6a4e885) Importer(815301076,1909f56bfc062723c751e8b465ee728b)  -> (artifact id: '860ca1f42dfe4ce04244eedbedf1b87a') in 0.208438 seconds
  Import took 0.212636 seconds .

========================================================================
Received Prepare
Registering precompiled user dll's ...
Registered in 0.002368 seconds.
Begin MonoManager ReloadAssembly
Native extension for WindowsStandalone target not found
Native extension for WebGL target not found
Refreshing native plugins compatible for Editor in 0.34 ms, found 0 plugins.
Preloading 0 native plugins for Editor in 0.00 ms.
Mono: successfully reloaded assembly
- Completed reload, in  1.077 seconds
Platform modules already initialized, skipping
Refreshing native plugins compatible for Editor in 0.30 ms, found 0 plugins.
Preloading 0 native plugins for Editor in 0.00 ms.
Unloading 1337 Unused Serialized files (Serialized files now loaded: 0)
System memory in use before: 69.5 MB.
System memory in use after: 69.5 MB.

Unloading 11 unused Assets to reduce memory usage. Loaded Objects now: 1809.
Total: 2.029800 ms (FindLiveObjects: 0.239200 ms CreateObjectMapping: 0.055400 ms MarkObjects: 1.664900 ms  DeleteObjects: 0.069000 ms)

========================================================================
Received Import Request.
  Time since last request: 366.416523 seconds.
  path: Assets/Resources/Player (1).prefab
  artifactKey: Guid(50210cc6f85a9c24f9985449077a7c87) Importer(815301076,1909f56bfc062723c751e8b465ee728b)
Start importing Assets/Resources/Player (1).prefab using Guid(50210cc6f85a9c24f9985449077a7c87) Importer(815301076,1909f56bfc062723c751e8b465ee728b)  -> (artifact id: 'f2bf048cbbfd49ca167ebe05d556aa07') in 0.097439 seconds
  Import took 0.101218 seconds .

========================================================================
Received Import Request.
  Time since last request: 12.025395 seconds.
  path: Assets/Resources/Player.prefab
  artifactKey: Guid(50210cc6f85a9c24f9985449077a7c87) Importer(815301076,1909f56bfc062723c751e8b465ee728b)
Start importing Assets/Resources/Player.prefab using Guid(50210cc6f85a9c24f9985449077a7c87) Importer(815301076,1909f56bfc062723c751e8b465ee728b)  -> (artifact id: '37f321a2d750c9452e678d1aaa0dd1b7') in 0.029465 seconds
  Import took 0.032366 seconds .

========================================================================
Received Prepare
Registering precompiled user dll's ...
Registered in 0.193976 seconds.
Begin MonoManager ReloadAssembly
Native extension for WindowsStandalone target not found
Native extension for WebGL target not found
Refreshing native plugins compatible for Editor in 0.50 ms, found 0 plugins.
Preloading 0 native plugins for Editor in 0.00 ms.
Mono: successfully reloaded assembly
- Completed reload, in  1.229 seconds
Platform modules already initialized, skipping
Refreshing native plugins compatible for Editor in 0.42 ms, found 0 plugins.
Preloading 0 native plugins for Editor in 0.00 ms.
Unloading 1337 Unused Serialized files (Serialized files now loaded: 0)
System memory in use before: 69.5 MB.
System memory in use after: 69.6 MB.

Unloading 11 unused Assets to reduce memory usage. Loaded Objects now: 1814.
Total: 1.741000 ms (FindLiveObjects: 0.156800 ms CreateObjectMapping: 0.032200 ms MarkObjects: 1.485500 ms  DeleteObjects: 0.065400 ms)

========================================================================
Received Prepare
Registering precompiled user dll's ...
Registered in 0.001929 seconds.
Begin MonoManager ReloadAssembly
Native extension for WindowsStandalone target not found
Native extension for WebGL target not found
Refreshing native plugins compatible for Editor in 0.36 ms, found 0 plugins.
Preloading 0 native plugins for Editor in 0.00 ms.
Mono: successfully reloaded assembly
- Completed reload, in  1.140 seconds
Platform modules already initialized, skipping
Refreshing native plugins compatible for Editor in 0.30 ms, found 0 plugins.
Preloading 0 native plugins for Editor in 0.00 ms.
Unloading 1337 Unused Serialized files (Serialized files now loaded: 0)
System memory in use before: 69.5 MB.
System memory in use after: 69.6 MB.

Unloading 10 unused Assets to reduce memory usage. Loaded Objects now: 1818.
Total: 2.539600 ms (FindLiveObjects: 0.207300 ms CreateObjectMapping: 0.054300 ms MarkObjects: 2.217000 ms  DeleteObjects: 0.059100 ms)

========================================================================
Received Prepare
Registering precompiled user dll's ...
Registered in 0.002305 seconds.
Begin MonoManager ReloadAssembly
Native extension for WindowsStandalone target not found
Native extension for WebGL target not found
Refreshing native plugins compatible for Editor in 0.39 ms, found 0 plugins.
Preloading 0 native plugins for Editor in 0.00 ms.
Mono: successfully reloaded assembly
- Completed reload, in  1.231 seconds
Platform modules already initialized, skipping
Refreshing native plugins compatible for Editor in 0.35 ms, found 0 plugins.
Preloading 0 native plugins for Editor in 0.00 ms.
Unloading 1337 Unused Serialized files (Serialized files now loaded: 0)
System memory in use before: 69.5 MB.
System memory in use after: 69.6 MB.

Unloading 10 unused Assets to reduce memory usage. Loaded Objects now: 1822.
Total: 2.140000 ms (FindLiveObjects: 0.164600 ms CreateObjectMapping: 0.035000 ms MarkObjects: 1.875000 ms  DeleteObjects: 0.064300 ms)

========================================================================
Received Prepare
Registering precompiled user dll's ...
Registered in 0.003684 seconds.
Begin MonoManager ReloadAssembly
Native extension for WindowsStandalone target not found
Native extension for WebGL target not found
Refreshing native plugins compatible for Editor in 0.35 ms, found 0 plugins.
Preloading 0 native plugins for Editor in 0.00 ms.
Mono: successfully reloaded assembly
- Completed reload, in  1.128 seconds
Platform modules already initialized, skipping
Refreshing native plugins compatible for Editor in 0.36 ms, found 0 plugins.
Preloading 0 native plugins for Editor in 0.00 ms.
Unloading 1337 Unused Serialized files (Serialized files now loaded: 0)
System memory in use before: 69.5 MB.
System memory in use after: 69.6 MB.

Unloading 10 unused Assets to reduce memory usage. Loaded Objects now: 1826.
Total: 2.245800 ms (FindLiveObjects: 0.165900 ms CreateObjectMapping: 0.034100 ms MarkObjects: 1.959900 ms  DeleteObjects: 0.084200 ms)

========================================================================
Received Import Request.
  Time since last request: 572.950819 seconds.
  path: Assets/Scenes/GameScene.unity
  artifactKey: Guid(5143112229a5fb44ba89458d353f9ba4) Importer(815301076,1909f56bfc062723c751e8b465ee728b)
Start importing Assets/Scenes/GameScene.unity using Guid(5143112229a5fb44ba89458d353f9ba4) Importer(815301076,1909f56bfc062723c751e8b465ee728b)  -> (artifact id: 'ebefd5945c4f224922953838b8199635') in 0.019423 seconds
  Import took 0.022624 seconds .

========================================================================
Received Import Request.
  Time since last request: 3.469367 seconds.
  path: Assets/Resources/Player.prefab
  artifactKey: Guid(50210cc6f85a9c24f9985449077a7c87) Importer(815301076,1909f56bfc062723c751e8b465ee728b)
Start importing Assets/Resources/Player.prefab using Guid(50210cc6f85a9c24f9985449077a7c87) Importer(815301076,1909f56bfc062723c751e8b465ee728b)  -> (artifact id: 'ac8da12a32c761b41da9cabfab018e06') in 0.100687 seconds
  Import took 0.105199 seconds .

========================================================================
Received Import Request.
  Time since last request: 7.268879 seconds.
  path: Assets/Resources/Player.prefab
  artifactKey: Guid(50210cc6f85a9c24f9985449077a7c87) Importer(815301076,1909f56bfc062723c751e8b465ee728b)
Start importing Assets/Resources/Player.prefab using Guid(50210cc6f85a9c24f9985449077a7c87) Importer(815301076,1909f56bfc062723c751e8b465ee728b)  -> (artifact id: 'f0b687212aff6bf67f70d6fac1e4ffde') in 0.024653 seconds
  Import took 0.028524 seconds .

========================================================================
Received Prepare
Registering precompiled user dll's ...
Registered in 0.002803 seconds.
Begin MonoManager ReloadAssembly
Native extension for WindowsStandalone target not found
Native extension for WebGL target not found
Refreshing native plugins compatible for Editor in 0.46 ms, found 0 plugins.
Preloading 0 native plugins for Editor in 0.00 ms.
Mono: successfully reloaded assembly
- Completed reload, in  1.283 seconds
Platform modules already initialized, skipping
Refreshing native plugins compatible for Editor in 0.37 ms, found 0 plugins.
Preloading 0 native plugins for Editor in 0.00 ms.
Unloading 1337 Unused Serialized files (Serialized files now loaded: 0)
System memory in use before: 69.6 MB.
System memory in use after: 69.7 MB.

Unloading 11 unused Assets to reduce memory usage. Loaded Objects now: 1831.
Total: 2.925200 ms (FindLiveObjects: 0.280400 ms CreateObjectMapping: 0.117700 ms MarkObjects: 2.417200 ms  DeleteObjects: 0.107600 ms)

========================================================================
Received Prepare
Refreshing native plugins compatible for Editor in 2.10 ms, found 0 plugins.
Preloading 0 native plugins for Editor in 0.00 ms.
Unloading 8 Unused Serialized files (Serialized files now loaded: 0)
System memory in use before: 43.3 MB.
System memory in use after: 43.3 MB.

Unloading 8 unused Assets to reduce memory usage. Loaded Objects now: 1831.
Total: 2.739000 ms (FindLiveObjects: 0.311300 ms CreateObjectMapping: 0.092000 ms MarkObjects: 2.239700 ms  DeleteObjects: 0.093800 ms)

========================================================================
Received Prepare
Registering precompiled user dll's ...
Registered in 0.005941 seconds.
Begin MonoManager ReloadAssembly
Native extension for WindowsStandalone target not found
Native extension for WebGL target not found
Refreshing native plugins compatible for Editor in 0.67 ms, found 0 plugins.
Preloading 0 native plugins for Editor in 0.00 ms.
Mono: successfully reloaded assembly
- Completed reload, in  1.568 seconds
Platform modules already initialized, skipping
Refreshing native plugins compatible for Editor in 0.58 ms, found 0 plugins.
Preloading 0 native plugins for Editor in 0.00 ms.
Unloading 1337 Unused Serialized files (Serialized files now loaded: 0)
System memory in use before: 69.6 MB.
System memory in use after: 69.7 MB.

Unloading 10 unused Assets to reduce memory usage. Loaded Objects now: 1835.
Total: 3.015000 ms (FindLiveObjects: 0.243700 ms CreateObjectMapping: 0.085800 ms MarkObjects: 2.621900 ms  DeleteObjects: 0.062100 ms)

========================================================================
Received Import Request.
  Time since last request: 196.446684 seconds.
  path: Assets/Scripts/PlayerSetup.cs
  artifactKey: Guid(8d675dbfb2e063040b8eda571be2c5af) Importer(815301076,1909f56bfc062723c751e8b465ee728b)
Start importing Assets/Scripts/PlayerSetup.cs using Guid(8d675dbfb2e063040b8eda571be2c5af) Importer(815301076,1909f56bfc062723c751e8b465ee728b)  -> (artifact id: 'db512c14455411d9e131e00abab16fbb') in 0.023659 seconds
  Import took 0.031532 seconds .

========================================================================
Received Prepare
Registering precompiled user dll's ...
Registered in 0.003091 seconds.
Begin MonoManager ReloadAssembly
Native extension for WindowsStandalone target not found
Native extension for WebGL target not found
Refreshing native plugins compatible for Editor in 0.48 ms, found 0 plugins.
Preloading 0 native plugins for Editor in 0.00 ms.
Mono: successfully reloaded assembly
- Completed reload, in  1.469 seconds
Platform modules already initialized, skipping
Refreshing native plugins compatible for Editor in 0.43 ms, found 0 plugins.
Preloading 0 native plugins for Editor in 0.00 ms.
Unloading 1338 Unused Serialized files (Serialized files now loaded: 0)
System memory in use before: 69.6 MB.
System memory in use after: 69.7 MB.

Unloading 10 unused Assets to reduce memory usage. Loaded Objects now: 1840.
Total: 3.330200 ms (FindLiveObjects: 0.294100 ms CreateObjectMapping: 0.070500 ms MarkObjects: 2.892500 ms  DeleteObjects: 0.071000 ms)

========================================================================
Received Prepare
Registering precompiled user dll's ...
Registered in 0.002900 seconds.
Begin MonoManager ReloadAssembly
Native extension for WindowsStandalone target not found
Native extension for WebGL target not found
Refreshing native plugins compatible for Editor in 0.30 ms, found 0 plugins.
Preloading 0 native plugins for Editor in 0.00 ms.
Mono: successfully reloaded assembly
- Completed reload, in  1.204 seconds
Platform modules already initialized, skipping
Refreshing native plugins compatible for Editor in 0.33 ms, found 0 plugins.
Preloading 0 native plugins for Editor in 0.00 ms.
Unloading 1338 Unused Serialized files (Serialized files now loaded: 0)
System memory in use before: 69.6 MB.
System memory in use after: 69.7 MB.

Unloading 10 unused Assets to reduce memory usage. Loaded Objects now: 1844.
Total: 2.134500 ms (FindLiveObjects: 0.179400 ms CreateObjectMapping: 0.038600 ms MarkObjects: 1.845400 ms  DeleteObjects: 0.069800 ms)

========================================================================
Received Import Request.
  Time since last request: 166.023005 seconds.
  path: Assets/Scripts/PlayerSetup.cs
  artifactKey: Guid(8d675dbfb2e063040b8eda571be2c5af) Importer(815301076,1909f56bfc062723c751e8b465ee728b)
Start importing Assets/Scripts/PlayerSetup.cs using Guid(8d675dbfb2e063040b8eda571be2c5af) Importer(815301076,1909f56bfc062723c751e8b465ee728b)  -> (artifact id: '60847dffdeddbdb6dac2a4d95223e014') in 0.005068 seconds
  Import took 0.007944 seconds .

========================================================================
Received Import Request.
  Time since last request: 25.833322 seconds.
  path: Assets/Resources/Player.prefab
  artifactKey: Guid(50210cc6f85a9c24f9985449077a7c87) Importer(815301076,1909f56bfc062723c751e8b465ee728b)
Start importing Assets/Resources/Player.prefab using Guid(50210cc6f85a9c24f9985449077a7c87) Importer(815301076,1909f56bfc062723c751e8b465ee728b)  -> (artifact id: '0244caeba6501f847989b1fce9c0862b') in 0.085256 seconds
  Import took 0.088594 seconds .

========================================================================
Received Import Request.
  Time since last request: 6.246748 seconds.
  path: Assets/Resources/Player.prefab
  artifactKey: Guid(50210cc6f85a9c24f9985449077a7c87) Importer(815301076,1909f56bfc062723c751e8b465ee728b)
Start importing Assets/Resources/Player.prefab using Guid(50210cc6f85a9c24f9985449077a7c87) Importer(815301076,1909f56bfc062723c751e8b465ee728b)  -> (artifact id: '1eac3961aa1efa769008d279c5aef5d0') in 0.016956 seconds
  Import took 0.020768 seconds .

========================================================================
Received Prepare
Registering precompiled user dll's ...
Registered in 0.002430 seconds.
Begin MonoManager ReloadAssembly
Native extension for WindowsStandalone target not found
Native extension for WebGL target not found
Refreshing native plugins compatible for Editor in 0.35 ms, found 0 plugins.
Preloading 0 native plugins for Editor in 0.00 ms.
Mono: successfully reloaded assembly
- Completed reload, in  1.059 seconds
Platform modules already initialized, skipping
Refreshing native plugins compatible for Editor in 0.35 ms, found 0 plugins.
Preloading 0 native plugins for Editor in 0.00 ms.
Unloading 1338 Unused Serialized files (Serialized files now loaded: 0)
System memory in use before: 69.6 MB.
System memory in use after: 69.7 MB.

Unloading 11 unused Assets to reduce memory usage. Loaded Objects now: 1849.
Total: 1.680700 ms (FindLiveObjects: 0.154500 ms CreateObjectMapping: 0.031700 ms MarkObjects: 1.431600 ms  DeleteObjects: 0.062200 ms)

========================================================================
Received Prepare
Refreshing native plugins compatible for Editor in 2.66 ms, found 0 plugins.
Preloading 0 native plugins for Editor in 0.00 ms.
Unloading 8 Unused Serialized files (Serialized files now loaded: 0)
System memory in use before: 43.3 MB.
System memory in use after: 43.4 MB.

Unloading 8 unused Assets to reduce memory usage. Loaded Objects now: 1849.
Total: 2.426300 ms (FindLiveObjects: 0.257100 ms CreateObjectMapping: 0.087000 ms MarkObjects: 2.016700 ms  DeleteObjects: 0.063600 ms)

========================================================================
Received Prepare
Registering precompiled user dll's ...
Registered in 0.002657 seconds.
Begin MonoManager ReloadAssembly
Native extension for WindowsStandalone target not found
Native extension for WebGL target not found
Refreshing native plugins compatible for Editor in 0.40 ms, found 0 plugins.
Preloading 0 native plugins for Editor in 0.00 ms.
Mono: successfully reloaded assembly
- Completed reload, in  1.633 seconds
Platform modules already initialized, skipping
Refreshing native plugins compatible for Editor in 0.46 ms, found 0 plugins.
Preloading 0 native plugins for Editor in 0.00 ms.
Unloading 1338 Unused Serialized files (Serialized files now loaded: 0)
System memory in use before: 69.7 MB.
System memory in use after: 69.7 MB.

Unloading 10 unused Assets to reduce memory usage. Loaded Objects now: 1853.
Total: 2.848000 ms (FindLiveObjects: 0.296600 ms CreateObjectMapping: 0.078100 ms MarkObjects: 2.386200 ms  DeleteObjects: 0.085500 ms)

========================================================================
Received Import Request.
  Time since last request: 181.567054 seconds.
  path: Assets/Resources/Player.prefab
  artifactKey: Guid(50210cc6f85a9c24f9985449077a7c87) Importer(815301076,1909f56bfc062723c751e8b465ee728b)
Start importing Assets/Resources/Player.prefab using Guid(50210cc6f85a9c24f9985449077a7c87) Importer(815301076,1909f56bfc062723c751e8b465ee728b)  -> (artifact id: '3817d1e73e62ce3bd76c5e4f063425ef') in 0.159931 seconds
  Import took 0.166247 seconds .

========================================================================
Received Import Request.
  Time since last request: 21.630561 seconds.
  path: Assets/Resources/Player.prefab
  artifactKey: Guid(50210cc6f85a9c24f9985449077a7c87) Importer(815301076,1909f56bfc062723c751e8b465ee728b)
Start importing Assets/Resources/Player.prefab using Guid(50210cc6f85a9c24f9985449077a7c87) Importer(815301076,1909f56bfc062723c751e8b465ee728b)  -> (artifact id: 'f5c71e2af956a319c3d66bdc5b5acdb2') in 0.020182 seconds
  Import took 0.023380 seconds .

========================================================================
Received Prepare
Registering precompiled user dll's ...
Registered in 0.002333 seconds.
Begin MonoManager ReloadAssembly
Native extension for WindowsStandalone target not found
Native extension for WebGL target not found
Refreshing native plugins compatible for Editor in 1.09 ms, found 0 plugins.
Preloading 0 native plugins for Editor in 0.00 ms.
Mono: successfully reloaded assembly
- Completed reload, in  2.405 seconds
Platform modules already initialized, skipping
Refreshing native plugins compatible for Editor in 0.51 ms, found 0 plugins.
Preloading 0 native plugins for Editor in 0.00 ms.
Unloading 1338 Unused Serialized files (Serialized files now loaded: 0)
System memory in use before: 69.7 MB.
System memory in use after: 69.7 MB.

Unloading 11 unused Assets to reduce memory usage. Loaded Objects now: 1858.
Total: 2.936100 ms (FindLiveObjects: 0.284900 ms CreateObjectMapping: 0.090100 ms MarkObjects: 2.461900 ms  DeleteObjects: 0.097600 ms)

========================================================================
Received Prepare
Refreshing native plugins compatible for Editor in 1.79 ms, found 0 plugins.
Preloading 0 native plugins for Editor in 0.00 ms.
Unloading 8 Unused Serialized files (Serialized files now loaded: 0)
System memory in use before: 43.3 MB.
System memory in use after: 43.4 MB.

Unloading 8 unused Assets to reduce memory usage. Loaded Objects now: 1858.
Total: 2.316000 ms (FindLiveObjects: 0.230100 ms CreateObjectMapping: 0.041400 ms MarkObjects: 1.951100 ms  DeleteObjects: 0.091100 ms)

========================================================================
Received Prepare
Registering precompiled user dll's ...
Registered in 0.003225 seconds.
Begin MonoManager ReloadAssembly
Native extension for WindowsStandalone target not found
Native extension for WebGL target not found
Refreshing native plugins compatible for Editor in 0.49 ms, found 0 plugins.
Preloading 0 native plugins for Editor in 0.00 ms.
Mono: successfully reloaded assembly
- Completed reload, in  1.355 seconds
Platform modules already initialized, skipping
Refreshing native plugins compatible for Editor in 0.55 ms, found 0 plugins.
Preloading 0 native plugins for Editor in 0.00 ms.
Unloading 1338 Unused Serialized files (Serialized files now loaded: 0)
System memory in use before: 69.7 MB.
System memory in use after: 69.7 MB.

Unloading 10 unused Assets to reduce memory usage. Loaded Objects now: 1862.
Total: 2.510900 ms (FindLiveObjects: 0.247900 ms CreateObjectMapping: 0.074700 ms MarkObjects: 2.115300 ms  DeleteObjects: 0.071300 ms)

========================================================================
Received Import Request.
  Time since last request: 170.780562 seconds.
  path: Assets/Resources/Player.prefab
  artifactKey: Guid(50210cc6f85a9c24f9985449077a7c87) Importer(815301076,1909f56bfc062723c751e8b465ee728b)
Start importing Assets/Resources/Player.prefab using Guid(50210cc6f85a9c24f9985449077a7c87) Importer(815301076,1909f56bfc062723c751e8b465ee728b)  -> (artifact id: 'a4c5f4f9886b591011b8ba911fbda84c') in 0.086923 seconds
  Import took 0.090069 seconds .

========================================================================
Received Import Request.
  Time since last request: 5.345645 seconds.
  path: Assets/Resources/Player.prefab
  artifactKey: Guid(50210cc6f85a9c24f9985449077a7c87) Importer(815301076,1909f56bfc062723c751e8b465ee728b)
Start importing Assets/Resources/Player.prefab using Guid(50210cc6f85a9c24f9985449077a7c87) Importer(815301076,1909f56bfc062723c751e8b465ee728b)  -> (artifact id: 'b18cbaabdf9375943b4a3df0a1a5ad85') in 0.015068 seconds
  Import took 0.018370 seconds .

========================================================================
Received Import Request.
  Time since last request: 9.103061 seconds.
  path: Assets/Resources/Player.prefab
  artifactKey: Guid(50210cc6f85a9c24f9985449077a7c87) Importer(815301076,1909f56bfc062723c751e8b465ee728b)
Start importing Assets/Resources/Player.prefab using Guid(50210cc6f85a9c24f9985449077a7c87) Importer(815301076,1909f56bfc062723c751e8b465ee728b)  -> (artifact id: '3f38151d3f9027366228e62a481b76d1') in 0.021904 seconds
  Import took 0.025361 seconds .

========================================================================
Received Import Request.
  Time since last request: 2.794891 seconds.
  path: Assets/Resources/Player.prefab
  artifactKey: Guid(50210cc6f85a9c24f9985449077a7c87) Importer(815301076,1909f56bfc062723c751e8b465ee728b)
Start importing Assets/Resources/Player.prefab using Guid(50210cc6f85a9c24f9985449077a7c87) Importer(815301076,1909f56bfc062723c751e8b465ee728b)  -> (artifact id: 'c71393dfab31b5624d133d39927cb2b4') in 0.016524 seconds
  Import took 0.019760 seconds .

========================================================================
Received Import Request.
  Time since last request: 13.674504 seconds.
  path: Assets/Resources/Player.prefab
  artifactKey: Guid(50210cc6f85a9c24f9985449077a7c87) Importer(815301076,1909f56bfc062723c751e8b465ee728b)
Start importing Assets/Resources/Player.prefab using Guid(50210cc6f85a9c24f9985449077a7c87) Importer(815301076,1909f56bfc062723c751e8b465ee728b)  -> (artifact id: '31bc6c016114c0bc417f218db5156879') in 0.015113 seconds
  Import took 0.018449 seconds .

========================================================================
Received Import Request.
  Time since last request: 2.634378 seconds.
  path: Assets/Resources/Player.prefab
  artifactKey: Guid(50210cc6f85a9c24f9985449077a7c87) Importer(815301076,1909f56bfc062723c751e8b465ee728b)
Start importing Assets/Resources/Player.prefab using Guid(50210cc6f85a9c24f9985449077a7c87) Importer(815301076,1909f56bfc062723c751e8b465ee728b)  -> (artifact id: '24a76f2c7362b1d789f06587aad2d0af') in 0.015697 seconds
  Import took 0.019104 seconds .

========================================================================
Received Import Request.
  Time since last request: 1.773822 seconds.
  path: Assets/Resources/Player.prefab
  artifactKey: Guid(50210cc6f85a9c24f9985449077a7c87) Importer(815301076,1909f56bfc062723c751e8b465ee728b)
Start importing Assets/Resources/Player.prefab using Guid(50210cc6f85a9c24f9985449077a7c87) Importer(815301076,1909f56bfc062723c751e8b465ee728b)  -> (artifact id: '1b6ffd1b48fe5b09395c9d4433ff2ab5') in 0.014755 seconds
  Import took 0.018093 seconds .

========================================================================
Received Import Request.
  Time since last request: 11.968085 seconds.
  path: Assets/Resources/Player.prefab
  artifactKey: Guid(50210cc6f85a9c24f9985449077a7c87) Importer(815301076,1909f56bfc062723c751e8b465ee728b)
Start importing Assets/Resources/Player.prefab using Guid(50210cc6f85a9c24f9985449077a7c87) Importer(815301076,1909f56bfc062723c751e8b465ee728b)  -> (artifact id: '31d304e4215d9d63e43a271c1e8ff703') in 0.025653 seconds
  Import took 0.028959 seconds .

========================================================================
Received Import Request.
  Time since last request: 21.595864 seconds.
  path: Assets/Resources/Player.prefab
  artifactKey: Guid(50210cc6f85a9c24f9985449077a7c87) Importer(815301076,1909f56bfc062723c751e8b465ee728b)
Start importing Assets/Resources/Player.prefab using Guid(50210cc6f85a9c24f9985449077a7c87) Importer(815301076,1909f56bfc062723c751e8b465ee728b)  -> (artifact id: '0037806901638ff9d8be66f4b8556504') in 0.014656 seconds
  Import took 0.018044 seconds .

========================================================================
Received Import Request.
  Time since last request: 7.838901 seconds.
  path: Assets/Resources/Player.prefab
  artifactKey: Guid(50210cc6f85a9c24f9985449077a7c87) Importer(815301076,1909f56bfc062723c751e8b465ee728b)
Start importing Assets/Resources/Player.prefab using Guid(50210cc6f85a9c24f9985449077a7c87) Importer(815301076,1909f56bfc062723c751e8b465ee728b)  -> (artifact id: '3269ebc65c049f7b9a046759218d720d') in 0.014660 seconds
  Import took 0.018667 seconds .

========================================================================
Received Import Request.
  Time since last request: 4.610205 seconds.
  path: Assets/Resources/Player.prefab
  artifactKey: Guid(50210cc6f85a9c24f9985449077a7c87) Importer(815301076,1909f56bfc062723c751e8b465ee728b)
Start importing Assets/Resources/Player.prefab using Guid(50210cc6f85a9c24f9985449077a7c87) Importer(815301076,1909f56bfc062723c751e8b465ee728b)  -> (artifact id: 'ad1cc610c8b181c017438f1472398ec3') in 0.013369 seconds
  Import took 0.016922 seconds .

========================================================================
Received Import Request.
  Time since last request: 3.218369 seconds.
  path: Assets/Resources/Player.prefab
  artifactKey: Guid(50210cc6f85a9c24f9985449077a7c87) Importer(815301076,1909f56bfc062723c751e8b465ee728b)
Start importing Assets/Resources/Player.prefab using Guid(50210cc6f85a9c24f9985449077a7c87) Importer(815301076,1909f56bfc062723c751e8b465ee728b)  -> (artifact id: '82f87c1477e9342bc141447b085b1fa3') in 0.015280 seconds
  Import took 0.018551 seconds .

========================================================================
Received Import Request.
  Time since last request: 3.617207 seconds.
  path: Assets/Resources/Player.prefab
  artifactKey: Guid(50210cc6f85a9c24f9985449077a7c87) Importer(815301076,1909f56bfc062723c751e8b465ee728b)
Start importing Assets/Resources/Player.prefab using Guid(50210cc6f85a9c24f9985449077a7c87) Importer(815301076,1909f56bfc062723c751e8b465ee728b)  -> (artifact id: 'b5732f33a9e7c676bc3e70e1a150564f') in 0.013961 seconds
  Import took 0.031574 seconds .

========================================================================
Received Import Request.
  Time since last request: 1.373811 seconds.
  path: Assets/Resources/Player.prefab
  artifactKey: Guid(50210cc6f85a9c24f9985449077a7c87) Importer(815301076,1909f56bfc062723c751e8b465ee728b)
Start importing Assets/Resources/Player.prefab using Guid(50210cc6f85a9c24f9985449077a7c87) Importer(815301076,1909f56bfc062723c751e8b465ee728b)  -> (artifact id: 'ffae51d8520e527ee712f4b1e1991905') in 0.013432 seconds
  Import took 0.016435 seconds .

========================================================================
Received Import Request.
  Time since last request: 7.158197 seconds.
  path: Assets/Resources/Player.prefab
  artifactKey: Guid(50210cc6f85a9c24f9985449077a7c87) Importer(815301076,1909f56bfc062723c751e8b465ee728b)
Start importing Assets/Resources/Player.prefab using Guid(50210cc6f85a9c24f9985449077a7c87) Importer(815301076,1909f56bfc062723c751e8b465ee728b)  -> (artifact id: '31002447dcf0981a275a3ae40fe0f7b1') in 0.013473 seconds
  Import took 0.016701 seconds .

========================================================================
Received Import Request.
  Time since last request: 8.874699 seconds.
  path: Assets/Resources/Player.prefab
  artifactKey: Guid(50210cc6f85a9c24f9985449077a7c87) Importer(815301076,1909f56bfc062723c751e8b465ee728b)
Start importing Assets/Resources/Player.prefab using Guid(50210cc6f85a9c24f9985449077a7c87) Importer(815301076,1909f56bfc062723c751e8b465ee728b)  -> (artifact id: '43c8861b98b064d74fd397157e880d68') in 0.012887 seconds
  Import took 0.016109 seconds .

========================================================================
Received Import Request.
  Time since last request: 6.073346 seconds.
  path: Assets/Resources/Player.prefab
  artifactKey: Guid(50210cc6f85a9c24f9985449077a7c87) Importer(815301076,1909f56bfc062723c751e8b465ee728b)
Start importing Assets/Resources/Player.prefab using Guid(50210cc6f85a9c24f9985449077a7c87) Importer(815301076,1909f56bfc062723c751e8b465ee728b)  -> (artifact id: 'abcb102ab5a33ff8d978dfb5b65f7e8e') in 0.099105 seconds
  Import took 0.103193 seconds .

========================================================================
Received Import Request.
  Time since last request: 3.552749 seconds.
  path: Assets/Resources/Player.prefab
  artifactKey: Guid(50210cc6f85a9c24f9985449077a7c87) Importer(815301076,1909f56bfc062723c751e8b465ee728b)
Start importing Assets/Resources/Player.prefab using Guid(50210cc6f85a9c24f9985449077a7c87) Importer(815301076,1909f56bfc062723c751e8b465ee728b)  -> (artifact id: 'b78541ce73533bccd13351bf98459504') in 0.040384 seconds
  Import took 0.043490 seconds .

========================================================================
Received Import Request.
  Time since last request: 7.235984 seconds.
  path: Assets/Resources/Player.prefab
  artifactKey: Guid(50210cc6f85a9c24f9985449077a7c87) Importer(815301076,1909f56bfc062723c751e8b465ee728b)
Start importing Assets/Resources/Player.prefab using Guid(50210cc6f85a9c24f9985449077a7c87) Importer(815301076,1909f56bfc062723c751e8b465ee728b)  -> (artifact id: '1b8bd0ab5e70a25b6df4721d5724322d') in 0.040673 seconds
  Import took 0.044217 seconds .

========================================================================
Received Import Request.
  Time since last request: 2.385031 seconds.
  path: Assets/Resources/Player.prefab
  artifactKey: Guid(50210cc6f85a9c24f9985449077a7c87) Importer(815301076,1909f56bfc062723c751e8b465ee728b)
Start importing Assets/Resources/Player.prefab using Guid(50210cc6f85a9c24f9985449077a7c87) Importer(815301076,1909f56bfc062723c751e8b465ee728b)  -> (artifact id: 'c389a6953d76e6fc0ad7d75f4a418bdc') in 0.053173 seconds
  Import took 0.057661 seconds .

========================================================================
Received Import Request.
  Time since last request: 1.164054 seconds.
  path: Assets/Resources/Player.prefab
  artifactKey: Guid(50210cc6f85a9c24f9985449077a7c87) Importer(815301076,1909f56bfc062723c751e8b465ee728b)
Start importing Assets/Resources/Player.prefab using Guid(50210cc6f85a9c24f9985449077a7c87) Importer(815301076,1909f56bfc062723c751e8b465ee728b)  -> (artifact id: '6c33d149739e54e79b2a3794e8d6ad4f') in 0.047414 seconds
  Import took 0.051011 seconds .

========================================================================
Received Import Request.
  Time since last request: 0.555609 seconds.
  path: Assets/Resources/Player.prefab
  artifactKey: Guid(50210cc6f85a9c24f9985449077a7c87) Importer(815301076,1909f56bfc062723c751e8b465ee728b)
Start importing Assets/Resources/Player.prefab using Guid(50210cc6f85a9c24f9985449077a7c87) Importer(815301076,1909f56bfc062723c751e8b465ee728b)  -> (artifact id: '08e81b5ba7265fc7315a5dc26ae15945') in 0.043894 seconds
  Import took 0.047857 seconds .

========================================================================
Received Import Request.
  Time since last request: 3.238820 seconds.
  path: Assets/Resources/Player.prefab
  artifactKey: Guid(50210cc6f85a9c24f9985449077a7c87) Importer(815301076,1909f56bfc062723c751e8b465ee728b)
Start importing Assets/Resources/Player.prefab using Guid(50210cc6f85a9c24f9985449077a7c87) Importer(815301076,1909f56bfc062723c751e8b465ee728b)  -> (artifact id: '881b06aed396359c43f0a62ba09a888b') in 0.042350 seconds
  Import took 0.045553 seconds .

========================================================================
Received Import Request.
  Time since last request: 3.803131 seconds.
  path: Assets/Resources/Player.prefab
  artifactKey: Guid(50210cc6f85a9c24f9985449077a7c87) Importer(815301076,1909f56bfc062723c751e8b465ee728b)
Start importing Assets/Resources/Player.prefab using Guid(50210cc6f85a9c24f9985449077a7c87) Importer(815301076,1909f56bfc062723c751e8b465ee728b)  -> (artifact id: '2feaffbf3e8273efcbc4388a9c01db5f') in 0.040696 seconds
  Import took 0.043557 seconds .

========================================================================
Received Import Request.
  Time since last request: 4.187133 seconds.
  path: Assets/Resources/Player.prefab
  artifactKey: Guid(50210cc6f85a9c24f9985449077a7c87) Importer(815301076,1909f56bfc062723c751e8b465ee728b)
Start importing Assets/Resources/Player.prefab using Guid(50210cc6f85a9c24f9985449077a7c87) Importer(815301076,1909f56bfc062723c751e8b465ee728b)  -> (artifact id: 'ebbfc0b409391b1b8f09cd7a098dc889') in 0.037777 seconds
  Import took 0.041022 seconds .

========================================================================
Received Import Request.
  Time since last request: 8.812720 seconds.
  path: Assets/Resources/Player.prefab
  artifactKey: Guid(50210cc6f85a9c24f9985449077a7c87) Importer(815301076,1909f56bfc062723c751e8b465ee728b)
Start importing Assets/Resources/Player.prefab using Guid(50210cc6f85a9c24f9985449077a7c87) Importer(815301076,1909f56bfc062723c751e8b465ee728b)  -> (artifact id: 'ef922b0115e188e5293e8f3374a02823') in 0.038308 seconds
  Import took 0.041243 seconds .

========================================================================
Received Import Request.
  Time since last request: 10.138240 seconds.
  path: Assets/Resources/Player.prefab
  artifactKey: Guid(50210cc6f85a9c24f9985449077a7c87) Importer(815301076,1909f56bfc062723c751e8b465ee728b)
Start importing Assets/Resources/Player.prefab using Guid(50210cc6f85a9c24f9985449077a7c87) Importer(815301076,1909f56bfc062723c751e8b465ee728b)  -> (artifact id: '3fede73ab5dd8f9e8310023e51da2145') in 0.038168 seconds
  Import took 0.041501 seconds .

========================================================================
Received Import Request.
  Time since last request: 2.980107 seconds.
  path: Assets/Resources/Player.prefab
  artifactKey: Guid(50210cc6f85a9c24f9985449077a7c87) Importer(815301076,1909f56bfc062723c751e8b465ee728b)
Start importing Assets/Resources/Player.prefab using Guid(50210cc6f85a9c24f9985449077a7c87) Importer(815301076,1909f56bfc062723c751e8b465ee728b)  -> (artifact id: 'a43dc736943a4f72c2e00f74dfbd7e3b') in 0.042943 seconds
  Import took 0.046329 seconds .

========================================================================
Received Import Request.
  Time since last request: 6.419129 seconds.
  path: Assets/Resources/Player.prefab
  artifactKey: Guid(50210cc6f85a9c24f9985449077a7c87) Importer(815301076,1909f56bfc062723c751e8b465ee728b)
Start importing Assets/Resources/Player.prefab using Guid(50210cc6f85a9c24f9985449077a7c87) Importer(815301076,1909f56bfc062723c751e8b465ee728b)  -> (artifact id: '46a8e973b2f6a51fbb5b4eb35d3e03d9') in 0.037856 seconds
  Import took 0.041188 seconds .

========================================================================
Received Import Request.
  Time since last request: 12.045881 seconds.
  path: Assets/Resources/Player.prefab
  artifactKey: Guid(50210cc6f85a9c24f9985449077a7c87) Importer(815301076,1909f56bfc062723c751e8b465ee728b)
Start importing Assets/Resources/Player.prefab using Guid(50210cc6f85a9c24f9985449077a7c87) Importer(815301076,1909f56bfc062723c751e8b465ee728b)  -> (artifact id: '069dd6ea827cc04a420e9f387a93386b') in 0.044300 seconds
  Import took 0.048343 seconds .

========================================================================
Received Import Request.
  Time since last request: 3.481649 seconds.
  path: Assets/Resources/Player.prefab
  artifactKey: Guid(50210cc6f85a9c24f9985449077a7c87) Importer(815301076,1909f56bfc062723c751e8b465ee728b)
Start importing Assets/Resources/Player.prefab using Guid(50210cc6f85a9c24f9985449077a7c87) Importer(815301076,1909f56bfc062723c751e8b465ee728b)  -> (artifact id: '8cca0dfb773a7f5381b1c4950360e10e') in 0.039885 seconds
  Import took 0.043534 seconds .

========================================================================
Received Import Request.
  Time since last request: 8.042119 seconds.
  path: Assets/Resources/Player.prefab
  artifactKey: Guid(50210cc6f85a9c24f9985449077a7c87) Importer(815301076,1909f56bfc062723c751e8b465ee728b)
Start importing Assets/Resources/Player.prefab using Guid(50210cc6f85a9c24f9985449077a7c87) Importer(815301076,1909f56bfc062723c751e8b465ee728b)  -> (artifact id: '8b7b23bbc3ccedba0f3bd883aa5b7d61') in 0.039812 seconds
  Import took 0.043279 seconds .

========================================================================
Received Import Request.
  Time since last request: 0.771123 seconds.
  path: Assets/Resources/Player.prefab
  artifactKey: Guid(50210cc6f85a9c24f9985449077a7c87) Importer(815301076,1909f56bfc062723c751e8b465ee728b)
Start importing Assets/Resources/Player.prefab using Guid(50210cc6f85a9c24f9985449077a7c87) Importer(815301076,1909f56bfc062723c751e8b465ee728b)  -> (artifact id: '2a427d09ddb0ec48c19f75f9b839005c') in 0.049190 seconds
  Import took 0.052588 seconds .

========================================================================
Received Import Request.
  Time since last request: 11.855239 seconds.
  path: Assets/Resources/Player.prefab
  artifactKey: Guid(50210cc6f85a9c24f9985449077a7c87) Importer(815301076,1909f56bfc062723c751e8b465ee728b)
Start importing Assets/Resources/Player.prefab using Guid(50210cc6f85a9c24f9985449077a7c87) Importer(815301076,1909f56bfc062723c751e8b465ee728b)  -> (artifact id: '493a713aa55572aac52f1ccd4df0fcda') in 0.040838 seconds
  Import took 0.043853 seconds .

========================================================================
Received Import Request.
  Time since last request: 13.069361 seconds.
  path: Assets/Photon/PhotonUnityNetworking/Demos/Shared Assets/Skin/DropDown Arrow.png
  artifactKey: Guid(936345f7fc3934efa8119a8700d904c7) Importer(815301076,1909f56bfc062723c751e8b465ee728b)
Start importing Assets/Photon/PhotonUnityNetworking/Demos/Shared Assets/Skin/DropDown Arrow.png using Guid(936345f7fc3934efa8119a8700d904c7) Importer(815301076,1909f56bfc062723c751e8b465ee728b)  -> (artifact id: 'f4e19c5c4df7c57b04883d85c8dd4ae7') in 0.185918 seconds
  Import took 0.188455 seconds .

========================================================================
Received Import Request.
  Time since last request: 0.000201 seconds.
  path: Assets/Photon/PhotonUnityNetworking/Demos/DemoHub/Sprites/toHub.png
  artifactKey: Guid(9587663c4d27e47b19a118aabaac4a08) Importer(815301076,1909f56bfc062723c751e8b465ee728b)
Start importing Assets/Photon/PhotonUnityNetworking/Demos/DemoHub/Sprites/toHub.png using Guid(9587663c4d27e47b19a118aabaac4a08) Importer(815301076,1909f56bfc062723c751e8b465ee728b)  -> (artifact id: 'f5c79f7b16065142d5ac6967c9983635') in 0.045156 seconds
  Import took 0.048216 seconds .

========================================================================
Received Import Request.
  Time since last request: 0.000216 seconds.
  path: Assets/Textures/WhitePixel.png
  artifactKey: Guid(316589aa5988ad44cb24ae79e8f45e56) Importer(815301076,1909f56bfc062723c751e8b465ee728b)
Start importing Assets/Textures/WhitePixel.png using Guid(316589aa5988ad44cb24ae79e8f45e56) Importer(815301076,1909f56bfc062723c751e8b465ee728b)  -> (artifact id: '04ac9085a255b6a84371dfb6c8d87034') in 0.064394 seconds
  Import took 0.067421 seconds .

========================================================================
Received Import Request.
  Time since last request: 0.000223 seconds.
  path: Assets/Photon/PhotonUnityNetworking/Icons/PunIconApp512.png
  artifactKey: Guid(7377013011b4c3348809ff574abe799e) Importer(815301076,1909f56bfc062723c751e8b465ee728b)
Start importing Assets/Photon/PhotonUnityNetworking/Icons/PunIconApp512.png using Guid(7377013011b4c3348809ff574abe799e) Importer(815301076,1909f56bfc062723c751e8b465ee728b)  -> (artifact id: 'f9356684ec8806c8a671728c3a2ac936') in 0.070373 seconds
  Import took 0.073403 seconds .

========================================================================
Received Import Request.
  Time since last request: 0.000234 seconds.
  path: Assets/Photon/PhotonUnityNetworking/Icons/PunIconApp128.png
  artifactKey: Guid(f00feafcf0675cd47a48f83ae42b06d4) Importer(815301076,1909f56bfc062723c751e8b465ee728b)
Start importing Assets/Photon/PhotonUnityNetworking/Icons/PunIconApp128.png using Guid(f00feafcf0675cd47a48f83ae42b06d4) Importer(815301076,1909f56bfc062723c751e8b465ee728b)  -> (artifact id: '8cb1c0610b59d32aa0ff598fe046f5bc') in 0.065817 seconds
  Import took 0.068962 seconds .

========================================================================
Received Import Request.
  Time since last request: 0.000344 seconds.
  path: Assets/Photon/PhotonUnityNetworking/Icons/PunIconApp32.png
  artifactKey: Guid(436c5e63723127948af8857e903f658a) Importer(815301076,1909f56bfc062723c751e8b465ee728b)
Start importing Assets/Photon/PhotonUnityNetworking/Icons/PunIconApp32.png using Guid(436c5e63723127948af8857e903f658a) Importer(815301076,1909f56bfc062723c751e8b465ee728b)  -> (artifact id: '2a3903d96f3b4154c7af39aba89ca4e1') in 0.066553 seconds
  Import took 0.070509 seconds .

========================================================================
Received Import Request.
  Time since last request: 0.000207 seconds.
  path: Assets/Photon/PhotonUnityNetworking/Icons/PunIconApp48.png
  artifactKey: Guid(44ebd8e6f42cae445ab4b22f0a9b48a0) Importer(815301076,1909f56bfc062723c751e8b465ee728b)
Start importing Assets/Photon/PhotonUnityNetworking/Icons/PunIconApp48.png using Guid(44ebd8e6f42cae445ab4b22f0a9b48a0) Importer(815301076,1909f56bfc062723c751e8b465ee728b)  -> (artifact id: '972043c7d00c11b9077aafe7609fd212') in 0.042369 seconds
  Import took 0.045019 seconds .

========================================================================
Received Import Request.
  Time since last request: 0.000199 seconds.
  path: Assets/Photon/PhotonUnityNetworking/Demos/DemoHub/Sprites/PunIcon-White-129.png
  artifactKey: Guid(56bbc6b42271d4177ac313247f47ac1f) Importer(815301076,1909f56bfc062723c751e8b465ee728b)
Start importing Assets/Photon/PhotonUnityNetworking/Demos/DemoHub/Sprites/PunIcon-White-129.png using Guid(56bbc6b42271d4177ac313247f47ac1f) Importer(815301076,1909f56bfc062723c751e8b465ee728b)  -> (artifact id: '02c3576385a5692fbd2a9132b88b9787') in 0.023547 seconds
  Import took 0.027263 seconds .

========================================================================
Received Import Request.
  Time since last request: 0.000180 seconds.
  path: Assets/Photon/PhotonUnityNetworking/Demos/DemoHub/Sprites/OutlinedSquaredBox.png
  artifactKey: Guid(c222cd02c447941edb09ecb6433229ce) Importer(815301076,1909f56bfc062723c751e8b465ee728b)
Start importing Assets/Photon/PhotonUnityNetworking/Demos/DemoHub/Sprites/OutlinedSquaredBox.png using Guid(c222cd02c447941edb09ecb6433229ce) Importer(815301076,1909f56bfc062723c751e8b465ee728b)  -> (artifact id: '316b41fe30fcf21944bcdbdb94b198d4') in 0.072357 seconds
  Import took 0.075919 seconds .

========================================================================
Received Import Request.
  Time since last request: 0.000195 seconds.
  path: Assets/Photon/PhotonUnityNetworking/Demos/Shared Assets/Skin/DropDown CheckMark.png
  artifactKey: Guid(fd47c8b4ebfbd4339858d4d23f587519) Importer(815301076,1909f56bfc062723c751e8b465ee728b)
Start importing Assets/Photon/PhotonUnityNetworking/Demos/Shared Assets/Skin/DropDown CheckMark.png using Guid(fd47c8b4ebfbd4339858d4d23f587519) Importer(815301076,1909f56bfc062723c751e8b465ee728b)  -> (artifact id: 'de3c6ed9330fa7554f690c7cb432c290') in 0.057588 seconds
  Import took 0.060521 seconds .

========================================================================
Received Import Request.
  Time since last request: 0.000185 seconds.
  path: Assets/Photon/PhotonUnityNetworking/Icons/PunIcon-128.png
  artifactKey: Guid(bd293dc32f4aaf94e8274f2fac2cdf89) Importer(815301076,1909f56bfc062723c751e8b465ee728b)
Start importing Assets/Photon/PhotonUnityNetworking/Icons/PunIcon-128.png using Guid(bd293dc32f4aaf94e8274f2fac2cdf89) Importer(815301076,1909f56bfc062723c751e8b465ee728b)  -> (artifact id: '7e4b0e2cfe463d528d0f8ff6cf8cf990') in 0.050800 seconds
  Import took 0.053654 seconds .

========================================================================
Received Import Request.
  Time since last request: 0.000207 seconds.
  path: Assets/Photon/PhotonUnityNetworking/Demos/DemoHub/Sprites/Gradient.png
  artifactKey: Guid(66efb24ed46044ab8a039599cbc47d7b) Importer(815301076,1909f56bfc062723c751e8b465ee728b)
Start importing Assets/Photon/PhotonUnityNetworking/Demos/DemoHub/Sprites/Gradient.png using Guid(66efb24ed46044ab8a039599cbc47d7b) Importer(815301076,1909f56bfc062723c751e8b465ee728b)  -> (artifact id: '6921a9ccf8fc79aa5b613491db21ecfc') in 0.042031 seconds
  Import took 0.044771 seconds .

========================================================================
Received Import Request.
  Time since last request: 0.004200 seconds.
  path: Assets/Photon/PhotonUnityNetworking/Demos/DemoHub/Sprites/Gradient.png
  artifactKey: Guid(66efb24ed46044ab8a039599cbc47d7b) Importer(815301076,1909f56bfc062723c751e8b465ee728b)
Start importing Assets/Photon/PhotonUnityNetworking/Demos/DemoHub/Sprites/Gradient.png using Guid(66efb24ed46044ab8a039599cbc47d7b) Importer(815301076,1909f56bfc062723c751e8b465ee728b)  -> (artifact id: '6921a9ccf8fc79aa5b613491db21ecfc') in 0.012759 seconds
  Import took 0.015793 seconds .

========================================================================
Received Import Request.
  Time since last request: 2.510952 seconds.
  path: Assets/Resources/Player.prefab
  artifactKey: Guid(50210cc6f85a9c24f9985449077a7c87) Importer(815301076,1909f56bfc062723c751e8b465ee728b)
Start importing Assets/Resources/Player.prefab using Guid(50210cc6f85a9c24f9985449077a7c87) Importer(815301076,1909f56bfc062723c751e8b465ee728b)  -> (artifact id: '4be43330f9730d13531d2d7387e468c3') in 0.042981 seconds
  Import took 0.045912 seconds .

========================================================================
Received Import Request.
  Time since last request: 2.900372 seconds.
  path: Assets/Resources/Player.prefab
  artifactKey: Guid(50210cc6f85a9c24f9985449077a7c87) Importer(815301076,1909f56bfc062723c751e8b465ee728b)
Start importing Assets/Resources/Player.prefab using Guid(50210cc6f85a9c24f9985449077a7c87) Importer(815301076,1909f56bfc062723c751e8b465ee728b)  -> (artifact id: '2171fdefc48d6c0c23c7c983a3d6255c') in 0.045324 seconds
  Import took 0.048600 seconds .

========================================================================
Received Import Request.
  Time since last request: 3.734969 seconds.
  path: Assets/Resources/Player.prefab
  artifactKey: Guid(50210cc6f85a9c24f9985449077a7c87) Importer(815301076,1909f56bfc062723c751e8b465ee728b)
Start importing Assets/Resources/Player.prefab using Guid(50210cc6f85a9c24f9985449077a7c87) Importer(815301076,1909f56bfc062723c751e8b465ee728b)  -> (artifact id: '50c3416805e55a88ff745a0402534d75') in 0.043067 seconds
  Import took 0.046835 seconds .

========================================================================
Received Import Request.
  Time since last request: 19.538477 seconds.
  path: Assets/Resources/Player.prefab
  artifactKey: Guid(50210cc6f85a9c24f9985449077a7c87) Importer(815301076,1909f56bfc062723c751e8b465ee728b)
Start importing Assets/Resources/Player.prefab using Guid(50210cc6f85a9c24f9985449077a7c87) Importer(815301076,1909f56bfc062723c751e8b465ee728b)  -> (artifact id: '223d89520227981686c41e01912c9f37') in 0.058664 seconds
  Import took 0.062813 seconds .

========================================================================
Received Prepare
Registering precompiled user dll's ...
Registered in 0.002161 seconds.
Begin MonoManager ReloadAssembly
Native extension for WindowsStandalone target not found
Native extension for WebGL target not found
Refreshing native plugins compatible for Editor in 0.33 ms, found 0 plugins.
Preloading 0 native plugins for Editor in 0.00 ms.
Mono: successfully reloaded assembly
- Completed reload, in  1.215 seconds
Platform modules already initialized, skipping
Refreshing native plugins compatible for Editor in 0.29 ms, found 0 plugins.
Preloading 0 native plugins for Editor in 0.00 ms.
Unloading 1338 Unused Serialized files (Serialized files now loaded: 0)
System memory in use before: 69.8 MB.
System memory in use after: 69.9 MB.

Unloading 11 unused Assets to reduce memory usage. Loaded Objects now: 1877.
Total: 2.463600 ms (FindLiveObjects: 0.161000 ms CreateObjectMapping: 0.032100 ms MarkObjects: 2.188200 ms  DeleteObjects: 0.080500 ms)

========================================================================
Received Import Request.
  Time since last request: 221.358623 seconds.
  path: Assets/Resources/Player.prefab
  artifactKey: Guid(50210cc6f85a9c24f9985449077a7c87) Importer(815301076,1909f56bfc062723c751e8b465ee728b)
Start importing Assets/Resources/Player.prefab using Guid(50210cc6f85a9c24f9985449077a7c87) Importer(815301076,1909f56bfc062723c751e8b465ee728b)  -> (artifact id: '482b00b219df6eea2891e1bd90e6a4c9') in 0.204174 seconds
  Import took 0.207681 seconds .

========================================================================
Received Import Request.
  Time since last request: 5.252985 seconds.
  path: Assets/Resources/Player.prefab
  artifactKey: Guid(50210cc6f85a9c24f9985449077a7c87) Importer(815301076,1909f56bfc062723c751e8b465ee728b)
Start importing Assets/Resources/Player.prefab using Guid(50210cc6f85a9c24f9985449077a7c87) Importer(815301076,1909f56bfc062723c751e8b465ee728b)  -> (artifact id: '06113502d8015a2cd5ef378d83fbeee3') in 0.042114 seconds
  Import took 0.045304 seconds .

========================================================================
Received Prepare
Registering precompiled user dll's ...
Registered in 0.002169 seconds.
Begin MonoManager ReloadAssembly
Native extension for WindowsStandalone target not found
Native extension for WebGL target not found
Refreshing native plugins compatible for Editor in 0.58 ms, found 0 plugins.
Preloading 0 native plugins for Editor in 0.00 ms.
Mono: successfully reloaded assembly
- Completed reload, in  2.456 seconds
Platform modules already initialized, skipping
Refreshing native plugins compatible for Editor in 0.54 ms, found 0 plugins.
Preloading 0 native plugins for Editor in 0.00 ms.
Unloading 1338 Unused Serialized files (Serialized files now loaded: 0)
System memory in use before: 69.8 MB.
System memory in use after: 69.9 MB.

Unloading 11 unused Assets to reduce memory usage. Loaded Objects now: 1882.
Total: 2.566400 ms (FindLiveObjects: 0.240000 ms CreateObjectMapping: 0.053500 ms MarkObjects: 2.191700 ms  DeleteObjects: 0.079700 ms)

========================================================================
Received Prepare
Refreshing native plugins compatible for Editor in 1.57 ms, found 0 plugins.
Preloading 0 native plugins for Editor in 0.00 ms.
Unloading 8 Unused Serialized files (Serialized files now loaded: 0)
System memory in use before: 43.5 MB.
System memory in use after: 43.6 MB.

Unloading 8 unused Assets to reduce memory usage. Loaded Objects now: 1882.
Total: 2.714600 ms (FindLiveObjects: 0.365500 ms CreateObjectMapping: 0.059300 ms MarkObjects: 2.217200 ms  DeleteObjects: 0.070100 ms)

========================================================================
Received Prepare
Registering precompiled user dll's ...
Registered in 0.002916 seconds.
Begin MonoManager ReloadAssembly
Native extension for WindowsStandalone target not found
Native extension for WebGL target not found
Refreshing native plugins compatible for Editor in 0.34 ms, found 0 plugins.
Preloading 0 native plugins for Editor in 0.00 ms.
Mono: successfully reloaded assembly
- Completed reload, in  1.300 seconds
Platform modules already initialized, skipping
Refreshing native plugins compatible for Editor in 0.35 ms, found 0 plugins.
Preloading 0 native plugins for Editor in 0.00 ms.
Unloading 1338 Unused Serialized files (Serialized files now loaded: 0)
System memory in use before: 69.8 MB.
System memory in use after: 69.9 MB.

Unloading 10 unused Assets to reduce memory usage. Loaded Objects now: 1886.
Total: 2.931000 ms (FindLiveObjects: 0.274100 ms CreateObjectMapping: 0.104100 ms MarkObjects: 2.467000 ms  DeleteObjects: 0.084100 ms)

========================================================================
Received Import Request.
  Time since last request: 103.493403 seconds.
  path: Assets/Scripts/Shooting.cs
  artifactKey: Guid(0da33d87ba965ba4b99ec20a0a88d667) Importer(815301076,1909f56bfc062723c751e8b465ee728b)
Start importing Assets/Scripts/Shooting.cs using Guid(0da33d87ba965ba4b99ec20a0a88d667) Importer(815301076,1909f56bfc062723c751e8b465ee728b)  -> (artifact id: '57334e24c01af2f8aae0a6582baec8cc') in 0.010373 seconds
  Import took 0.013432 seconds .

========================================================================
Received Import Request.
  Time since last request: 0.030833 seconds.
  path: Assets/Scripts/Shooting.cs
  artifactKey: Guid(0da33d87ba965ba4b99ec20a0a88d667) Importer(815301076,1909f56bfc062723c751e8b465ee728b)
Start importing Assets/Scripts/Shooting.cs using Guid(0da33d87ba965ba4b99ec20a0a88d667) Importer(815301076,1909f56bfc062723c751e8b465ee728b)  -> (artifact id: '57334e24c01af2f8aae0a6582baec8cc') in 0.002684 seconds
  Import took 0.005630 seconds .

========================================================================
Received Import Request.
  Time since last request: 341.789723 seconds.
  path: Assets/Photon
  artifactKey: Guid(98951132346795f438babe7a3183da43) Importer(815301076,1909f56bfc062723c751e8b465ee728b)
Start importing Assets/Photon using Guid(98951132346795f438babe7a3183da43) Importer(815301076,1909f56bfc062723c751e8b465ee728b)  -> (artifact id: '66531c2086fedd9d84bad6dfc697fce4') in 0.007552 seconds
  Import took 0.010972 seconds .

========================================================================
Received Import Request.
  Time since last request: 7.043844 seconds.
  path: Assets/Resources/Player.prefab
  artifactKey: Guid(50210cc6f85a9c24f9985449077a7c87) Importer(815301076,1909f56bfc062723c751e8b465ee728b)
Start importing Assets/Resources/Player.prefab using Guid(50210cc6f85a9c24f9985449077a7c87) Importer(815301076,1909f56bfc062723c751e8b465ee728b)  -> (artifact id: '98ec71baea4b439feb9d07657feb66b7') in 0.236925 seconds
  Import took 0.241200 seconds .

========================================================================
Received Import Request.
  Time since last request: 9.038730 seconds.
  path: Assets/Resources/Player.prefab
  artifactKey: Guid(50210cc6f85a9c24f9985449077a7c87) Importer(815301076,1909f56bfc062723c751e8b465ee728b)
Start importing Assets/Resources/Player.prefab using Guid(50210cc6f85a9c24f9985449077a7c87) Importer(815301076,1909f56bfc062723c751e8b465ee728b)  -> (artifact id: '76068293556e3d4a1309e68150f66443') in 0.041621 seconds
  Import took 0.044796 seconds .

========================================================================
Received Import Request.
  Time since last request: 6.079183 seconds.
  path: Assets/Resources/Player.prefab
  artifactKey: Guid(50210cc6f85a9c24f9985449077a7c87) Importer(815301076,1909f56bfc062723c751e8b465ee728b)
Start importing Assets/Resources/Player.prefab using Guid(50210cc6f85a9c24f9985449077a7c87) Importer(815301076,1909f56bfc062723c751e8b465ee728b)  -> (artifact id: '02d5f008553d189df3e445d18473577b') in 0.039055 seconds
  Import took 0.042597 seconds .

========================================================================
Received Prepare
Registering precompiled user dll's ...
Registered in 0.002738 seconds.
Begin MonoManager ReloadAssembly
Native extension for WindowsStandalone target not found
Native extension for WebGL target not found
Refreshing native plugins compatible for Editor in 0.34 ms, found 0 plugins.
Preloading 0 native plugins for Editor in 0.00 ms.
Mono: successfully reloaded assembly
- Completed reload, in  1.037 seconds
Platform modules already initialized, skipping
Refreshing native plugins compatible for Editor in 0.29 ms, found 0 plugins.
Preloading 0 native plugins for Editor in 0.00 ms.
Unloading 1338 Unused Serialized files (Serialized files now loaded: 0)
System memory in use before: 69.9 MB.
System memory in use after: 69.9 MB.

Unloading 11 unused Assets to reduce memory usage. Loaded Objects now: 1891.
Total: 2.093800 ms (FindLiveObjects: 0.182100 ms CreateObjectMapping: 0.040700 ms MarkObjects: 1.796600 ms  DeleteObjects: 0.072800 ms)

========================================================================
Received Import Request.
  Time since last request: 74.444937 seconds.
  path: Assets/Scripts/TakingDamage.cs
  artifactKey: Guid(7483a777fb74c654ab5f338eefd16e28) Importer(815301076,1909f56bfc062723c751e8b465ee728b)
Start importing Assets/Scripts/TakingDamage.cs using Guid(7483a777fb74c654ab5f338eefd16e28) Importer(815301076,1909f56bfc062723c751e8b465ee728b)  -> (artifact id: '82b36d64bedadfa9f99e774b869c2f67') in 0.013812 seconds
  Import took 0.018080 seconds .

========================================================================
Received Prepare
Registering precompiled user dll's ...
Registered in 0.002502 seconds.
Begin MonoManager ReloadAssembly
Native extension for WindowsStandalone target not found
Native extension for WebGL target not found
Refreshing native plugins compatible for Editor in 0.34 ms, found 0 plugins.
Preloading 0 native plugins for Editor in 0.00 ms.
Mono: successfully reloaded assembly
- Completed reload, in  1.243 seconds
Platform modules already initialized, skipping
Refreshing native plugins compatible for Editor in 0.52 ms, found 0 plugins.
Preloading 0 native plugins for Editor in 0.00 ms.
Unloading 1339 Unused Serialized files (Serialized files now loaded: 0)
System memory in use before: 69.9 MB.
System memory in use after: 70.0 MB.

Unloading 10 unused Assets to reduce memory usage. Loaded Objects now: 1896.
Total: 2.547500 ms (FindLiveObjects: 0.164400 ms CreateObjectMapping: 0.034700 ms MarkObjects: 2.265600 ms  DeleteObjects: 0.081100 ms)

========================================================================
Received Prepare
Registering precompiled user dll's ...
Registered in 0.002051 seconds.
Begin MonoManager ReloadAssembly
Native extension for WindowsStandalone target not found
Native extension for WebGL target not found
Refreshing native plugins compatible for Editor in 1.37 ms, found 0 plugins.
Preloading 0 native plugins for Editor in 0.00 ms.
Mono: successfully reloaded assembly
- Completed reload, in  1.148 seconds
Platform modules already initialized, skipping
Refreshing native plugins compatible for Editor in 0.42 ms, found 0 plugins.
Preloading 0 native plugins for Editor in 0.00 ms.
Unloading 1339 Unused Serialized files (Serialized files now loaded: 0)
System memory in use before: 69.9 MB.
System memory in use after: 70.0 MB.

Unloading 10 unused Assets to reduce memory usage. Loaded Objects now: 1900.
Total: 2.235300 ms (FindLiveObjects: 0.215400 ms CreateObjectMapping: 0.039500 ms MarkObjects: 1.908700 ms  DeleteObjects: 0.070300 ms)

========================================================================
Received Import Request.
  Time since last request: 664.390919 seconds.
  path: Assets/Scripts/TakingDamage.cs
  artifactKey: Guid(7483a777fb74c654ab5f338eefd16e28) Importer(815301076,1909f56bfc062723c751e8b465ee728b)
Start importing Assets/Scripts/TakingDamage.cs using Guid(7483a777fb74c654ab5f338eefd16e28) Importer(815301076,1909f56bfc062723c751e8b465ee728b)  -> (artifact id: '80043bef61df2fd0ca849aa918a1304a') in 0.006036 seconds
  Import took 0.009659 seconds .

========================================================================
Received Prepare
Refreshing native plugins compatible for Editor in 1.70 ms, found 0 plugins.
Preloading 0 native plugins for Editor in 0.00 ms.
Unloading 8 Unused Serialized files (Serialized files now loaded: 0)
System memory in use before: 43.5 MB.
System memory in use after: 43.6 MB.

Unloading 8 unused Assets to reduce memory usage. Loaded Objects now: 1900.
Total: 2.436400 ms (FindLiveObjects: 0.261900 ms CreateObjectMapping: 0.063100 ms MarkObjects: 2.039000 ms  DeleteObjects: 0.070100 ms)

========================================================================
Received Prepare
Registering precompiled user dll's ...
Registered in 0.002091 seconds.
Begin MonoManager ReloadAssembly
Native extension for WindowsStandalone target not found
Native extension for WebGL target not found
Refreshing native plugins compatible for Editor in 0.39 ms, found 0 plugins.
Preloading 0 native plugins for Editor in 0.00 ms.
Mono: successfully reloaded assembly
- Completed reload, in  1.354 seconds
Platform modules already initialized, skipping
Refreshing native plugins compatible for Editor in 0.45 ms, found 0 plugins.
Preloading 0 native plugins for Editor in 0.00 ms.
Unloading 1339 Unused Serialized files (Serialized files now loaded: 0)
System memory in use before: 69.9 MB.
System memory in use after: 70.0 MB.

Unloading 10 unused Assets to reduce memory usage. Loaded Objects now: 1904.
Total: 3.226900 ms (FindLiveObjects: 0.184300 ms CreateObjectMapping: 0.041400 ms MarkObjects: 2.874100 ms  DeleteObjects: 0.125500 ms)

========================================================================
Received Prepare
Registering precompiled user dll's ...
Registered in 0.002060 seconds.
Begin MonoManager ReloadAssembly
Native extension for WindowsStandalone target not found
Native extension for WebGL target not found
Refreshing native plugins compatible for Editor in 0.32 ms, found 0 plugins.
Preloading 0 native plugins for Editor in 0.00 ms.
Mono: successfully reloaded assembly
- Completed reload, in  1.093 seconds
Platform modules already initialized, skipping
Refreshing native plugins compatible for Editor in 0.41 ms, found 0 plugins.
Preloading 0 native plugins for Editor in 0.00 ms.
Unloading 1339 Unused Serialized files (Serialized files now loaded: 0)
System memory in use before: 69.9 MB.
System memory in use after: 70.0 MB.

Unloading 10 unused Assets to reduce memory usage. Loaded Objects now: 1908.
Total: 3.075400 ms (FindLiveObjects: 0.293800 ms CreateObjectMapping: 0.066700 ms MarkObjects: 2.626200 ms  DeleteObjects: 0.086800 ms)

========================================================================
Received Prepare
Refreshing native plugins compatible for Editor in 2.32 ms, found 0 plugins.
Preloading 0 native plugins for Editor in 0.00 ms.
Unloading 8 Unused Serialized files (Serialized files now loaded: 0)
System memory in use before: 43.5 MB.
System memory in use after: 43.6 MB.

Unloading 8 unused Assets to reduce memory usage. Loaded Objects now: 1908.
Total: 3.263500 ms (FindLiveObjects: 0.539000 ms CreateObjectMapping: 0.224700 ms MarkObjects: 2.425300 ms  DeleteObjects: 0.071600 ms)

========================================================================
Received Prepare
Registering precompiled user dll's ...
Registered in 0.002815 seconds.
Begin MonoManager ReloadAssembly
Native extension for WindowsStandalone target not found
Native extension for WebGL target not found
Refreshing native plugins compatible for Editor in 0.48 ms, found 0 plugins.
Preloading 0 native plugins for Editor in 0.00 ms.
Mono: successfully reloaded assembly
- Completed reload, in  1.610 seconds
Platform modules already initialized, skipping
Refreshing native plugins compatible for Editor in 0.52 ms, found 0 plugins.
Preloading 0 native plugins for Editor in 0.00 ms.
Unloading 1339 Unused Serialized files (Serialized files now loaded: 0)
System memory in use before: 69.9 MB.
System memory in use after: 70.0 MB.

Unloading 10 unused Assets to reduce memory usage. Loaded Objects now: 1912.
Total: 3.435500 ms (FindLiveObjects: 0.276100 ms CreateObjectMapping: 0.077900 ms MarkObjects: 2.875600 ms  DeleteObjects: 0.203500 ms)

========================================================================
Received Prepare
Refreshing native plugins compatible for Editor in 1.81 ms, found 0 plugins.
Preloading 0 native plugins for Editor in 0.00 ms.
Unloading 8 Unused Serialized files (Serialized files now loaded: 0)
System memory in use before: 43.5 MB.
System memory in use after: 43.6 MB.

Unloading 8 unused Assets to reduce memory usage. Loaded Objects now: 1912.
Total: 2.267500 ms (FindLiveObjects: 0.222200 ms CreateObjectMapping: 0.044700 ms MarkObjects: 1.932400 ms  DeleteObjects: 0.067000 ms)

AssetImportWorkerClient::OnTransportError - code=2 error=End of file
